Log file open, 08/02/20 21:23:13
LogInit: Display: Running engine for game: MyProject
LogPlatformFile: Not using cached read wrapper
LogTaskGraph: Started task graph with 5 named threads and 20 total threads with 3 sets of task threads.
LogStats: Stats thread started at 0.172758
LogD3D11RHI: Loaded GFSDK_Aftermath_Lib.x64.dll
LogICUInternationalization: ICU TimeZone Detection - Raw Offset: +12:00, Platform Override: ''
LogPluginManager: Mounting plugin Paper2D
LogPluginManager: Mounting plugin AISupport
LogPluginManager: Mounting plugin LightPropagationVolume
LogPluginManager: Mounting plugin CameraShakePreviewer
LogPluginManager: Mounting plugin ActorLayerUtilities
LogPluginManager: Mounting plugin AnimationSharing
LogPluginManager: Mounting plugin CLionSourceCodeAccess
LogPluginManager: Mounting plugin CodeLiteSourceCodeAccess
LogPluginManager: Mounting plugin GitSourceControl
LogPluginManager: Mounting plugin KDevelopSourceCodeAccess
LogPluginManager: Mounting plugin NullSourceCodeAccess
LogPluginManager: Mounting plugin PerforceSourceControl
LogPluginManager: Mounting plugin PlasticSourceControl
LogPluginManager: Mounting plugin RiderSourceCodeAccess
LogPluginManager: Mounting plugin SubversionSourceControl
LogPluginManager: Mounting plugin UObjectPlugin
LogPluginManager: Mounting plugin VisualStudioCodeSourceCodeAccess
LogPluginManager: Mounting plugin VisualStudioSourceCodeAccess
LogPluginManager: Mounting plugin XCodeSourceCodeAccess
LogPluginManager: Mounting plugin AssetManagerEditor
LogPluginManager: Mounting plugin CryptoKeys
LogPluginManager: Mounting plugin CurveEditorTools
LogPluginManager: Mounting plugin DataValidation
LogPluginManager: Mounting plugin EditorScriptingUtilities
LogPluginManager: Mounting plugin FacialAnimation
LogPluginManager: Mounting plugin GameplayTagsEditor
LogPluginManager: Mounting plugin GeometryMode
LogPluginManager: Mounting plugin MacGraphicsSwitching
LogPluginManager: Mounting plugin MaterialAnalyzer
LogPluginManager: Mounting plugin MobileLauncherProfileWizard
LogPluginManager: Mounting plugin PluginBrowser
LogPluginManager: Mounting plugin SpeedTreeImporter
LogPluginManager: Mounting plugin DatasmithContent
LogPluginManager: Mounting plugin VariantManagerContent
LogPluginManager: Mounting plugin AlembicImporter
LogPluginManager: Mounting plugin AutomationUtils
LogPluginManager: Mounting plugin BackChannel
LogPluginManager: Mounting plugin ChaosCloth
LogPluginManager: Mounting plugin ChaosClothEditor
LogPluginManager: Mounting plugin ChaosEditor
LogPluginManager: Mounting plugin ChaosNiagara
LogPluginManager: Mounting plugin ChaosSolverPlugin
LogPluginManager: Mounting plugin CharacterAI
LogPluginManager: Mounting plugin GeometryCache
LogPluginManager: Mounting plugin GeometryCollectionPlugin
LogPluginManager: Mounting plugin GeometryProcessing
LogPluginManager: Mounting plugin PlanarCut
LogPluginManager: Mounting plugin PlatformCrypto
LogPluginManager: Mounting plugin ProxyLODPlugin
LogPluginManager: Mounting plugin SkeletalReduction
LogPluginManager: Mounting plugin Niagara
LogPluginManager: Mounting plugin MagicLeap
LogPluginManager: Mounting plugin MagicLeapLightEstimation
LogPluginManager: Mounting plugin MagicLeapMedia
LogPluginManager: Mounting plugin MagicLeapPassableWorld
LogPluginManager: Mounting plugin MLSDK
LogPluginManager: Mounting plugin AndroidMedia
LogPluginManager: Mounting plugin AvfMedia
LogPluginManager: Mounting plugin ImgMedia
LogPluginManager: Mounting plugin MediaCompositing
LogPluginManager: Mounting plugin MediaPlayerEditor
LogPluginManager: Mounting plugin WebMMedia
LogPluginManager: Mounting plugin WmfMedia
LogPluginManager: Mounting plugin MeshPainting
LogPluginManager: Mounting plugin TcpMessaging
LogPluginManager: Mounting plugin UdpMessaging
LogPluginManager: Mounting plugin ActorSequence
LogPluginManager: Mounting plugin LevelSequenceEditor
LogPluginManager: Mounting plugin MatineeToLevelSequence
LogPluginManager: Mounting plugin MovieRenderPipeline
LogPluginManager: Mounting plugin TemplateSequence
LogPluginManager: Mounting plugin NetcodeUnitTest
LogPluginManager: Mounting plugin NUTUnrealEngine4
LogPluginManager: Mounting plugin OnlineSubsystemGooglePlay
LogPluginManager: Mounting plugin OnlineSubsystemIOS
LogPluginManager: Mounting plugin OnlineSubsystem
LogPluginManager: Mounting plugin OnlineSubsystemNull
LogPluginManager: Mounting plugin OnlineSubsystemUtils
LogPluginManager: Mounting plugin LauncherChunkInstaller
LogPluginManager: Mounting plugin AndroidDeviceProfileSelector
LogPluginManager: Mounting plugin AndroidMoviePlayer
LogPluginManager: Mounting plugin AndroidPermission
LogPluginManager: Mounting plugin AppleImageUtils
LogPluginManager: Mounting plugin AppleMoviePlayer
LogPluginManager: Mounting plugin ArchVisCharacter
LogPluginManager: Mounting plugin AssetTags
LogPluginManager: Mounting plugin AudioCapture
LogPluginManager: Mounting plugin CableComponent
LogPluginManager: Mounting plugin CustomMeshComponent
LogPluginManager: Mounting plugin EditableMesh
LogPluginManager: Mounting plugin ExampleDeviceProfileSelector
LogPluginManager: Mounting plugin GoogleCloudMessaging
LogPluginManager: Mounting plugin GooglePAD
LogPluginManager: Mounting plugin IOSDeviceProfileSelector
LogPluginManager: Mounting plugin LinuxDeviceProfileSelector
LogPluginManager: Mounting plugin LocationServicesBPLibrary
LogPluginManager: Mounting plugin MobilePatchingUtils
LogPluginManager: Mounting plugin OculusVR
LogPluginManager: Mounting plugin PhysXVehicles
LogPluginManager: Mounting plugin PostSplashScreen
LogPluginManager: Mounting plugin ProceduralMeshComponent
LogPluginManager: Mounting plugin RuntimePhysXCooking
LogPluginManager: Mounting plugin SignificanceManager
LogPluginManager: Mounting plugin SoundFields
LogPluginManager: Mounting plugin SteamVR
LogPluginManager: Mounting plugin Synthesis
LogPluginManager: Mounting plugin WebMMoviePlayer
LogPluginManager: Mounting plugin WindowsMoviePlayer
LogPluginManager: Mounting plugin ScreenshotTools
LogInit: Using libcurl 7.55.1-DEV
LogInit:  - built for x86_64-pc-win32
LogInit:  - supports SSL with OpenSSL/1.1.1
LogInit:  - supports HTTP deflate (compression) using libz 1.2.8
LogInit:  - other features:
LogInit:      CURL_VERSION_SSL
LogInit:      CURL_VERSION_LIBZ
LogInit:      CURL_VERSION_IPV6
LogInit:      CURL_VERSION_ASYNCHDNS
LogInit:      CURL_VERSION_LARGEFILE
LogInit:      CURL_VERSION_IDN
LogInit:  CurlRequestOptions (configurable via config and command line):
LogInit:  - bVerifyPeer = true  - Libcurl will verify peer certificate
LogInit:  - bUseHttpProxy = false  - Libcurl will NOT use HTTP proxy
LogInit:  - bDontReuseConnections = false  - Libcurl will reuse connections
LogInit:  - MaxHostConnections = 16  - Libcurl will limit the number of connections to a host
LogInit:  - LocalHostAddr = Default
LogInit:  - BufferSize = 65536
LogOnline: OSS: Creating online subsystem instance for: NULL
LogInit: WinSock: version 1.1 (2.2), MaxSocks=32767, MaxUdp=65467
LogOnline: OSS: TryLoadSubsystemAndSetDefault: Loaded subsystem for module [NULL]
LogInit: Build: ++UE4+Release-4.25-CL-13942748
LogInit: Engine Version: 4.25.3-13942748+++UE4+Release-4.25
LogInit: Compatible Engine Version: 4.25.0-13144385+++UE4+Release-4.25
LogInit: Net CL: 13144385
LogInit: OS: Windows 10 (Release 1903) (), CPU: Intel(R) Core(TM) i5-8600K CPU @ 3.60GHz, GPU: NVIDIA GeForce GTX 1080
LogInit: Compiled (64-bit): Jul 25 2020 02:07:48
LogInit: Compiled with Visual C++: 19.24.28315.00
LogInit: Build Configuration: Development
LogInit: Branch Name: ++UE4+Release-4.25
LogInit: Command Line: 
LogInit: Base Directory: C:/Program Files/Epic Games/UE_4.25/Engine/Binaries/Win64/
LogInit: Allocator: TBB
LogInit: Installed Engine Build: 1
LogDevObjectVersion: Number of dev versions registered: 26
LogDevObjectVersion:   Dev-Blueprints (B0D832E4-1F89-4F0D-ACCF-7EB736FD4AA2): 10
LogDevObjectVersion:   Dev-Build (E1C64328-A22C-4D53-A36C-8E866417BD8C): 0
LogDevObjectVersion:   Dev-Core (375EC13C-06E4-48FB-B500-84F0262A717E): 4
LogDevObjectVersion:   Dev-Editor (E4B068ED-F494-42E9-A231-DA0B2E46BB41): 38
LogDevObjectVersion:   Dev-Framework (CFFC743F-43B0-4480-9391-14DF171D2073): 37
LogDevObjectVersion:   Dev-Mobile (B02B49B5-BB20-44E9-A304-32B752E40360): 2
LogDevObjectVersion:   Dev-Networking (A4E4105C-59A1-49B5-A7C5-40C4547EDFEE): 0
LogDevObjectVersion:   Dev-Online (39C831C9-5AE6-47DC-9A44-9C173E1C8E7C): 0
LogDevObjectVersion:   Dev-Physics (78F01B33-EBEA-4F98-B9B4-84EACCB95AA2): 4
LogDevObjectVersion:   Dev-Platform (6631380F-2D4D-43E0-8009-CF276956A95A): 0
LogDevObjectVersion:   Dev-Rendering (12F88B9F-8875-4AFC-A67C-D90C383ABD29): 43
LogDevObjectVersion:   Dev-Sequencer (7B5AE74C-D270-4C10-A958-57980B212A5A): 12
LogDevObjectVersion:   Dev-VR (D7296918-1DD6-4BDD-9DE2-64A83CC13884): 3
LogDevObjectVersion:   Dev-LoadTimes (C2A15278-BFE7-4AFE-6C17-90FF531DF755): 1
LogDevObjectVersion:   Private-Geometry (6EACA3D4-40EC-4CC1-B786-8BED09428FC5): 3
LogDevObjectVersion:   Dev-AnimPhys (29E575DD-E0A3-4627-9D10-D276232CDCEA): 17
LogDevObjectVersion:   Dev-Anim (AF43A65D-7FD3-4947-9873-3E8ED9C1BB05): 7
LogDevObjectVersion:   Dev-ReflectionCapture (6B266CEC-1EC7-4B8F-A30B-E4D90942FC07): 1
LogDevObjectVersion:   Dev-Automation (0DF73D61-A23F-47EA-B727-89E90C41499A): 1
LogDevObjectVersion:   FortniteMain (601D1886-AC64-4F84-AA16-D3DE0DEAC7D6): 31
LogDevObjectVersion:   Dev-Enterprise (9DFFBCD6-494F-0158-E221-12823C92A888): 10
LogDevObjectVersion:   Dev-Niagara (F2AED0AC-9AFE-416F-8664-AA7FFA26D6FC): 1
LogDevObjectVersion:   Dev-Destruction (174F1F0B-B4C6-45A5-B13F-2EE8D0FB917D): 10
LogDevObjectVersion:   Dev-Physics-Ext (35F94A83-E258-406C-A318-09F59610247C): 37
LogDevObjectVersion:   Dev-PhysicsMaterial-Chaos (B68FC16E-8B1B-42E2-B453-215C058844FE): 1
LogDevObjectVersion:   Dev-CineCamera (B2E18506-4273-CFC2-A54E-F4BB758BBA07): 1
LogInit: Presizing for max 25165824 objects, including 0 objects not considered by GC, pre-allocating 0 bytes for permanent pool.
LogConfig: Applying CVar settings from Section [/Script/Engine.StreamingSettings] File [C:/Users/Ben/Documents/Unreal Projects/MyProject/Saved/Config/Windows/Engine.ini]
LogConfig: Setting CVar [[s.MinBulkDataSizeForAsyncLoading:131072]]
LogConfig: Setting CVar [[s.AsyncLoadingThreadEnabled:0]]
LogConfig: Setting CVar [[s.EventDrivenLoaderEnabled:1]]
LogConfig: Setting CVar [[s.WarnIfTimeLimitExceeded:0]]
LogConfig: Setting CVar [[s.TimeLimitExceededMultiplier:1.5]]
LogConfig: Setting CVar [[s.TimeLimitExceededMinTime:0.005]]
LogConfig: Setting CVar [[s.UseBackgroundLevelStreaming:1]]
LogConfig: Setting CVar [[s.PriorityAsyncLoadingExtraTime:15.0]]
LogConfig: Setting CVar [[s.LevelStreamingActorsUpdateTimeLimit:5.0]]
LogConfig: Setting CVar [[s.PriorityLevelStreamingActorsUpdateExtraTime:5.0]]
LogConfig: Setting CVar [[s.LevelStreamingComponentsRegistrationGranularity:10]]
LogConfig: Setting CVar [[s.UnregisterComponentsTimeLimit:1.0]]
LogConfig: Setting CVar [[s.LevelStreamingComponentsUnregistrationGranularity:5]]
LogConfig: Setting CVar [[s.FlushStreamingOnExit:1]]
LogInit: Object subsystem initialized
LogConfig: Setting CVar [[con.DebugEarlyDefault:1]]
LogConfig: Setting CVar [[r.setres:1280x720]]
[2020.08.02-09.23.14:096][  0]LogConfig: Setting CVar [[r.VSync:0]]
[2020.08.02-09.23.14:096][  0]LogConfig: Setting CVar [[r.RHICmdBypass:0]]
[2020.08.02-09.23.14:096][  0]LogConfig: Applying CVar settings from Section [/Script/Engine.RendererSettings] File [C:/Users/Ben/Documents/Unreal Projects/MyProject/Saved/Config/Windows/Engine.ini]
[2020.08.02-09.23.14:096][  0]LogConfig: Setting CVar [[r.GPUCrashDebugging:0]]
[2020.08.02-09.23.14:096][  0]LogConfig: Applying CVar settings from Section [/Script/Engine.RendererOverrideSettings] File [C:/Users/Ben/Documents/Unreal Projects/MyProject/Saved/Config/Windows/Engine.ini]
[2020.08.02-09.23.14:097][  0]LogConfig: Applying CVar settings from Section [/Script/Engine.StreamingSettings] File [C:/Users/Ben/Documents/Unreal Projects/MyProject/Saved/Config/Windows/Engine.ini]
[2020.08.02-09.23.14:097][  0]LogConfig: Setting CVar [[s.MinBulkDataSizeForAsyncLoading:131072]]
[2020.08.02-09.23.14:097][  0]LogConfig: Setting CVar [[s.AsyncLoadingThreadEnabled:0]]
[2020.08.02-09.23.14:097][  0]LogConfig: Setting CVar [[s.EventDrivenLoaderEnabled:1]]
[2020.08.02-09.23.14:097][  0]LogConfig: Setting CVar [[s.WarnIfTimeLimitExceeded:0]]
[2020.08.02-09.23.14:097][  0]LogConfig: Setting CVar [[s.TimeLimitExceededMultiplier:1.5]]
[2020.08.02-09.23.14:097][  0]LogConfig: Setting CVar [[s.TimeLimitExceededMinTime:0.005]]
[2020.08.02-09.23.14:097][  0]LogConfig: Setting CVar [[s.UseBackgroundLevelStreaming:1]]
[2020.08.02-09.23.14:097][  0]LogConfig: Setting CVar [[s.PriorityAsyncLoadingExtraTime:15.0]]
[2020.08.02-09.23.14:097][  0]LogConfig: Setting CVar [[s.LevelStreamingActorsUpdateTimeLimit:5.0]]
[2020.08.02-09.23.14:097][  0]LogConfig: Setting CVar [[s.PriorityLevelStreamingActorsUpdateExtraTime:5.0]]
[2020.08.02-09.23.14:097][  0]LogConfig: Setting CVar [[s.LevelStreamingComponentsRegistrationGranularity:10]]
[2020.08.02-09.23.14:097][  0]LogConfig: Setting CVar [[s.UnregisterComponentsTimeLimit:1.0]]
[2020.08.02-09.23.14:097][  0]LogConfig: Setting CVar [[s.LevelStreamingComponentsUnregistrationGranularity:5]]
[2020.08.02-09.23.14:097][  0]LogConfig: Setting CVar [[s.FlushStreamingOnExit:1]]
[2020.08.02-09.23.14:097][  0]LogConfig: Applying CVar settings from Section [/Script/Engine.GarbageCollectionSettings] File [C:/Users/Ben/Documents/Unreal Projects/MyProject/Saved/Config/Windows/Engine.ini]
[2020.08.02-09.23.14:097][  0]LogConfig: Setting CVar [[gc.MaxObjectsNotConsideredByGC:1]]
[2020.08.02-09.23.14:097][  0]LogConfig: Setting CVar [[gc.SizeOfPermanentObjectPool:0]]
[2020.08.02-09.23.14:097][  0]LogConfig: Setting CVar [[gc.FlushStreamingOnGC:0]]
[2020.08.02-09.23.14:097][  0]LogConfig: Setting CVar [[gc.NumRetriesBeforeForcingGC:10]]
[2020.08.02-09.23.14:097][  0]LogConfig: Setting CVar [[gc.AllowParallelGC:1]]
[2020.08.02-09.23.14:097][  0]LogConfig: Setting CVar [[gc.TimeBetweenPurgingPendingKillObjects:61.1]]
[2020.08.02-09.23.14:097][  0]LogConfig: Setting CVar [[gc.MaxObjectsInEditor:25165824]]
[2020.08.02-09.23.14:097][  0]LogConfig: Setting CVar [[gc.IncrementalBeginDestroyEnabled:1]]
[2020.08.02-09.23.14:097][  0]LogConfig: Setting CVar [[gc.CreateGCClusters:1]]
[2020.08.02-09.23.14:097][  0]LogConfig: Setting CVar [[gc.MinGCClusterSize:5]]
[2020.08.02-09.23.14:097][  0]LogConfig: Setting CVar [[gc.ActorClusteringEnabled:0]]
[2020.08.02-09.23.14:097][  0]LogConfig: Setting CVar [[gc.BlueprintClusteringEnabled:0]]
[2020.08.02-09.23.14:097][  0]LogConfig: Setting CVar [[gc.UseDisregardForGCOnDedicatedServers:0]]
[2020.08.02-09.23.14:097][  0]LogConfig: Applying CVar settings from Section [/Script/Engine.NetworkSettings] File [C:/Users/Ben/Documents/Unreal Projects/MyProject/Saved/Config/Windows/Engine.ini]
[2020.08.02-09.23.14:097][  0]LogConfig: Applying CVar settings from Section [/Script/UnrealEd.CookerSettings] File [C:/Users/Ben/Documents/Unreal Projects/MyProject/Saved/Config/Windows/Engine.ini]
[2020.08.02-09.23.14:099][  0]LogConfig: Applying CVar settings from Section [ViewDistanceQuality@3] File [C:/Users/Ben/Documents/Unreal Projects/MyProject/Saved/Config/Windows/Scalability.ini]
[2020.08.02-09.23.14:099][  0]LogConfig: Setting CVar [[r.SkeletalMeshLODBias:0]]
[2020.08.02-09.23.14:099][  0]LogConfig: Setting CVar [[r.ViewDistanceScale:1.0]]
[2020.08.02-09.23.14:099][  0]LogConfig: Applying CVar settings from Section [AntiAliasingQuality@3] File [C:/Users/Ben/Documents/Unreal Projects/MyProject/Saved/Config/Windows/Scalability.ini]
[2020.08.02-09.23.14:099][  0]LogConfig: Setting CVar [[r.PostProcessAAQuality:4]]
[2020.08.02-09.23.14:099][  0]LogConfig: Applying CVar settings from Section [ShadowQuality@3] File [C:/Users/Ben/Documents/Unreal Projects/MyProject/Saved/Config/Windows/Scalability.ini]
[2020.08.02-09.23.14:099][  0]LogConfig: Setting CVar [[r.LightFunctionQuality:1]]
[2020.08.02-09.23.14:099][  0]LogConfig: Setting CVar [[r.ShadowQuality:5]]
[2020.08.02-09.23.14:099][  0]LogConfig: Setting CVar [[r.Shadow.CSM.MaxCascades:10]]
[2020.08.02-09.23.14:099][  0]LogConfig: Setting CVar [[r.Shadow.MaxResolution:2048]]
[2020.08.02-09.23.14:099][  0]LogConfig: Setting CVar [[r.Shadow.MaxCSMResolution:2048]]
[2020.08.02-09.23.14:099][  0]LogConfig: Setting CVar [[r.Shadow.RadiusThreshold:0.01]]
[2020.08.02-09.23.14:099][  0]LogConfig: Setting CVar [[r.Shadow.DistanceScale:1.0]]
[2020.08.02-09.23.14:099][  0]LogConfig: Setting CVar [[r.Shadow.CSM.TransitionScale:1.0]]
[2020.08.02-09.23.14:099][  0]LogConfig: Setting CVar [[r.Shadow.PreShadowResolutionFactor:1.0]]
[2020.08.02-09.23.14:099][  0]LogConfig: Setting CVar [[r.DistanceFieldShadowing:1]]
[2020.08.02-09.23.14:099][  0]LogConfig: Setting CVar [[r.DistanceFieldAO:1]]
[2020.08.02-09.23.14:099][  0]LogConfig: Setting CVar [[r.AOQuality:2]]
[2020.08.02-09.23.14:099][  0]LogConfig: Setting CVar [[r.VolumetricFog:1]]
[2020.08.02-09.23.14:099][  0]LogConfig: Setting CVar [[r.VolumetricFog.GridPixelSize:8]]
[2020.08.02-09.23.14:099][  0]LogConfig: Setting CVar [[r.VolumetricFog.GridSizeZ:128]]
[2020.08.02-09.23.14:099][  0]LogConfig: Setting CVar [[r.VolumetricFog.HistoryMissSupersampleCount:4]]
[2020.08.02-09.23.14:099][  0]LogConfig: Setting CVar [[r.LightMaxDrawDistanceScale:1]]
[2020.08.02-09.23.14:099][  0]LogConfig: Setting CVar [[r.CapsuleShadows:1]]
[2020.08.02-09.23.14:099][  0]LogConfig: Applying CVar settings from Section [PostProcessQuality@3] File [C:/Users/Ben/Documents/Unreal Projects/MyProject/Saved/Config/Windows/Scalability.ini]
[2020.08.02-09.23.14:099][  0]LogConfig: Setting CVar [[r.MotionBlurQuality:4]]
[2020.08.02-09.23.14:099][  0]LogConfig: Setting CVar [[r.AmbientOcclusionMipLevelFactor:0.4]]
[2020.08.02-09.23.14:099][  0]LogConfig: Setting CVar [[r.AmbientOcclusionMaxQuality:100]]
[2020.08.02-09.23.14:099][  0]LogConfig: Setting CVar [[r.AmbientOcclusionLevels:-1]]
[2020.08.02-09.23.14:099][  0]LogConfig: Setting CVar [[r.AmbientOcclusionRadiusScale:1.0]]
[2020.08.02-09.23.14:099][  0]LogConfig: Setting CVar [[r.DepthOfFieldQuality:2]]
[2020.08.02-09.23.14:099][  0]LogConfig: Setting CVar [[r.RenderTargetPoolMin:400]]
[2020.08.02-09.23.14:099][  0]LogConfig: Setting CVar [[r.LensFlareQuality:2]]
[2020.08.02-09.23.14:099][  0]LogConfig: Setting CVar [[r.SceneColorFringeQuality:1]]
[2020.08.02-09.23.14:100][  0]LogConfig: Setting CVar [[r.EyeAdaptationQuality:2]]
[2020.08.02-09.23.14:100][  0]LogConfig: Setting CVar [[r.BloomQuality:5]]
[2020.08.02-09.23.14:100][  0]LogConfig: Setting CVar [[r.FastBlurThreshold:100]]
[2020.08.02-09.23.14:100][  0]LogConfig: Setting CVar [[r.Upscale.Quality:3]]
[2020.08.02-09.23.14:100][  0]LogConfig: Setting CVar [[r.Tonemapper.GrainQuantization:1]]
[2020.08.02-09.23.14:100][  0]LogConfig: Setting CVar [[r.LightShaftQuality:1]]
[2020.08.02-09.23.14:100][  0]LogConfig: Setting CVar [[r.Filter.SizeScale:1]]
[2020.08.02-09.23.14:100][  0]LogConfig: Setting CVar [[r.Tonemapper.Quality:5]]
[2020.08.02-09.23.14:100][  0]LogConfig: Setting CVar [[r.DOF.Gather.AccumulatorQuality:1        ; higher gathering accumulator quality]]
[2020.08.02-09.23.14:100][  0]LogConfig: Setting CVar [[r.DOF.Gather.PostfilterMethod:1          ; Median3x3 postfilering method]]
[2020.08.02-09.23.14:100][  0]LogConfig: Setting CVar [[r.DOF.Gather.EnableBokehSettings:0       ; no bokeh simulation when gathering]]
[2020.08.02-09.23.14:100][  0]LogConfig: Setting CVar [[r.DOF.Gather.RingCount:4                 ; medium number of samples when gathering]]
[2020.08.02-09.23.14:100][  0]LogConfig: Setting CVar [[r.DOF.Scatter.ForegroundCompositing:1    ; additive foreground scattering]]
[2020.08.02-09.23.14:100][  0]LogConfig: Setting CVar [[r.DOF.Scatter.BackgroundCompositing:2    ; additive background scattering]]
[2020.08.02-09.23.14:100][  0]LogConfig: Setting CVar [[r.DOF.Scatter.EnableBokehSettings:1      ; bokeh simulation when scattering]]
[2020.08.02-09.23.14:100][  0]LogConfig: Setting CVar [[r.DOF.Scatter.MaxSpriteRatio:0.1         ; only a maximum of 10% of scattered bokeh]]
[2020.08.02-09.23.14:100][  0]LogConfig: Setting CVar [[r.DOF.Recombine.Quality:1                ; cheap slight out of focus]]
[2020.08.02-09.23.14:100][  0]LogConfig: Setting CVar [[r.DOF.Recombine.EnableBokehSettings:0    ; no bokeh simulation on slight out of focus]]
[2020.08.02-09.23.14:100][  0]LogConfig: Setting CVar [[r.DOF.TemporalAAQuality:1                ; more stable temporal accumulation]]
[2020.08.02-09.23.14:100][  0]LogConfig: Setting CVar [[r.DOF.Kernel.MaxForegroundRadius:0.025]]
[2020.08.02-09.23.14:100][  0]LogConfig: Setting CVar [[r.DOF.Kernel.MaxBackgroundRadius:0.025]]
[2020.08.02-09.23.14:100][  0]LogConfig: Applying CVar settings from Section [TextureQuality@3] File [C:/Users/Ben/Documents/Unreal Projects/MyProject/Saved/Config/Windows/Scalability.ini]
[2020.08.02-09.23.14:100][  0]LogConfig: Setting CVar [[r.Streaming.MipBias:0]]
[2020.08.02-09.23.14:100][  0]LogConfig: Setting CVar [[r.Streaming.AmortizeCPUToGPUCopy:0]]
[2020.08.02-09.23.14:100][  0]LogConfig: Setting CVar [[r.Streaming.MaxNumTexturesToStreamPerFrame:0]]
[2020.08.02-09.23.14:100][  0]LogConfig: Setting CVar [[r.Streaming.Boost:1]]
[2020.08.02-09.23.14:100][  0]LogConfig: Setting CVar [[r.MaxAnisotropy:8]]
[2020.08.02-09.23.14:100][  0]LogConfig: Setting CVar [[r.VT.MaxAnisotropy:8]]
[2020.08.02-09.23.14:100][  0]LogConfig: Setting CVar [[r.Streaming.LimitPoolSizeToVRAM:0]]
[2020.08.02-09.23.14:100][  0]LogConfig: Setting CVar [[r.Streaming.PoolSize:1000]]
[2020.08.02-09.23.14:100][  0]LogConfig: Setting CVar [[r.Streaming.MaxEffectiveScreenSize:0]]
[2020.08.02-09.23.14:100][  0]LogConfig: Applying CVar settings from Section [EffectsQuality@3] File [C:/Users/Ben/Documents/Unreal Projects/MyProject/Saved/Config/Windows/Scalability.ini]
[2020.08.02-09.23.14:100][  0]LogConfig: Setting CVar [[r.TranslucencyLightingVolumeDim:64]]
[2020.08.02-09.23.14:100][  0]LogConfig: Setting CVar [[r.RefractionQuality:2]]
[2020.08.02-09.23.14:100][  0]LogConfig: Setting CVar [[r.SSR.Quality:3]]
[2020.08.02-09.23.14:100][  0]LogConfig: Setting CVar [[r.SSR.HalfResSceneColor:0]]
[2020.08.02-09.23.14:100][  0]LogConfig: Setting CVar [[r.SceneColorFormat:4]]
[2020.08.02-09.23.14:100][  0]LogConfig: Setting CVar [[r.DetailMode:2]]
[2020.08.02-09.23.14:100][  0]LogConfig: Setting CVar [[r.TranslucencyVolumeBlur:1]]
[2020.08.02-09.23.14:100][  0]LogConfig: Setting CVar [[r.MaterialQualityLevel:1 ; High quality]]
[2020.08.02-09.23.14:100][  0]LogConfig: Setting CVar [[r.SSS.Scale:1]]
[2020.08.02-09.23.14:100][  0]LogConfig: Setting CVar [[r.SSS.SampleSet:2]]
[2020.08.02-09.23.14:100][  0]LogConfig: Setting CVar [[r.SSS.Quality:1]]
[2020.08.02-09.23.14:100][  0]LogConfig: Setting CVar [[r.SSS.HalfRes:0]]
[2020.08.02-09.23.14:100][  0]LogConfig: Setting CVar [[r.SSGI.Quality:3]]
[2020.08.02-09.23.14:100][  0]LogConfig: Setting CVar [[r.EmitterSpawnRateScale:1.0]]
[2020.08.02-09.23.14:100][  0]LogConfig: Setting CVar [[r.ParticleLightQuality:2]]
[2020.08.02-09.23.14:100][  0]LogConfig: Setting CVar [[r.SkyAtmosphere.AerialPerspectiveLUT.FastApplyOnOpaque:1 ; Always have FastSkyLUT 1 in this case to avoid wrong sky]]
[2020.08.02-09.23.14:100][  0]LogConfig: Setting CVar [[r.SkyAtmosphere.AerialPerspectiveLUT.SampleCountPerSlice:1]]
[2020.08.02-09.23.14:100][  0]LogConfig: Setting CVar [[r.SkyAtmosphere.AerialPerspectiveLUT.DepthResolution:16.0]]
[2020.08.02-09.23.14:100][  0]LogConfig: Setting CVar [[r.SkyAtmosphere.FastSkyLUT:1]]
[2020.08.02-09.23.14:100][  0]LogConfig: Setting CVar [[r.SkyAtmosphere.FastSkyLUT.SampleCountMin:4.0]]
[2020.08.02-09.23.14:100][  0]LogConfig: Setting CVar [[r.SkyAtmosphere.FastSkyLUT.SampleCountMax:32.0]]
[2020.08.02-09.23.14:100][  0]LogConfig: Setting CVar [[r.SkyAtmosphere.SampleCountMin:4.0]]
[2020.08.02-09.23.14:100][  0]LogConfig: Setting CVar [[r.SkyAtmosphere.SampleCountMax:32.0]]
[2020.08.02-09.23.14:100][  0]LogConfig: Setting CVar [[r.SkyAtmosphere.TransmittanceLUT.UseSmallFormat:0]]
[2020.08.02-09.23.14:100][  0]LogConfig: Setting CVar [[r.SkyAtmosphere.TransmittanceLUT.SampleCount:10.0]]
[2020.08.02-09.23.14:100][  0]LogConfig: Setting CVar [[r.SkyAtmosphere.MultiScatteringLUT.SampleCount:15.0]]
[2020.08.02-09.23.14:100][  0]LogConfig: Applying CVar settings from Section [FoliageQuality@3] File [C:/Users/Ben/Documents/Unreal Projects/MyProject/Saved/Config/Windows/Scalability.ini]
[2020.08.02-09.23.14:100][  0]LogConfig: Setting CVar [[foliage.DensityScale:1.0]]
[2020.08.02-09.23.14:100][  0]LogConfig: Setting CVar [[grass.DensityScale:1.0]]
[2020.08.02-09.23.14:100][  0]LogConfig: Applying CVar settings from Section [ShadingQuality@3] File [C:/Users/Ben/Documents/Unreal Projects/MyProject/Saved/Config/Windows/Scalability.ini]
[2020.08.02-09.23.14:100][  0]LogConfig: Setting CVar [[r.HairStrands.SkyLighting.SampleCount:16]]
[2020.08.02-09.23.14:100][  0]LogConfig: Setting CVar [[r.HairStrands.SkyLighting.JitterIntegration:0]]
[2020.08.02-09.23.14:100][  0]LogConfig: Setting CVar [[r.HairStrands.SkyAO.SampleCount:16]]
[2020.08.02-09.23.14:100][  0]LogConfig: Setting CVar [[r.HairStrands.DeepShadow.SuperSampling:0]]
[2020.08.02-09.23.14:100][  0]LogConfig: Setting CVar [[r.HairStrands.VisibilityPPLL:0]]
[2020.08.02-09.23.14:100][  0]LogConfig: Setting CVar [[r.HairStrands.RasterizationScale:0.5]]
[2020.08.02-09.23.14:100][  0]LogConfig: Setting CVar [[r.HairStrands.VelocityRasterizationScale:1]]
[2020.08.02-09.23.14:100][  0]LogInit: Selected Device Profile: [Windows]
[2020.08.02-09.23.14:100][  0]LogInit: Applying CVar settings loaded from the selected device profile: [Windows]
[2020.08.02-09.23.14:100][  0]LogHAL: Display: Platform has ~ 16 GB [17128923136 / 17179869184 / 16], which maps to Larger [LargestMinGB=32, LargerMinGB=12, DefaultMinGB=8, SmallerMinGB=6, SmallestMinGB=0)
[2020.08.02-09.23.14:100][  0]LogInit: Going up to parent DeviceProfile []
[2020.08.02-09.23.14:101][  0]LogConfig: Applying CVar settings from Section [ViewDistanceQuality@3] File [C:/Users/Ben/Documents/Unreal Projects/MyProject/Saved/Config/Windows/Scalability.ini]
[2020.08.02-09.23.14:101][  0]LogConfig: Setting CVar [[r.SkeletalMeshLODBias:0]]
[2020.08.02-09.23.14:101][  0]LogConfig: Setting CVar [[r.ViewDistanceScale:1.0]]
[2020.08.02-09.23.14:101][  0]LogConfig: Applying CVar settings from Section [AntiAliasingQuality@3] File [C:/Users/Ben/Documents/Unreal Projects/MyProject/Saved/Config/Windows/Scalability.ini]
[2020.08.02-09.23.14:101][  0]LogConfig: Setting CVar [[r.PostProcessAAQuality:4]]
[2020.08.02-09.23.14:101][  0]LogConfig: Applying CVar settings from Section [ShadowQuality@3] File [C:/Users/Ben/Documents/Unreal Projects/MyProject/Saved/Config/Windows/Scalability.ini]
[2020.08.02-09.23.14:101][  0]LogConfig: Setting CVar [[r.LightFunctionQuality:1]]
[2020.08.02-09.23.14:101][  0]LogConfig: Setting CVar [[r.ShadowQuality:5]]
[2020.08.02-09.23.14:101][  0]LogConfig: Setting CVar [[r.Shadow.CSM.MaxCascades:10]]
[2020.08.02-09.23.14:101][  0]LogConfig: Setting CVar [[r.Shadow.MaxResolution:2048]]
[2020.08.02-09.23.14:101][  0]LogConfig: Setting CVar [[r.Shadow.MaxCSMResolution:2048]]
[2020.08.02-09.23.14:101][  0]LogConfig: Setting CVar [[r.Shadow.RadiusThreshold:0.01]]
[2020.08.02-09.23.14:101][  0]LogConfig: Setting CVar [[r.Shadow.DistanceScale:1.0]]
[2020.08.02-09.23.14:101][  0]LogConfig: Setting CVar [[r.Shadow.CSM.TransitionScale:1.0]]
[2020.08.02-09.23.14:101][  0]LogConfig: Setting CVar [[r.Shadow.PreShadowResolutionFactor:1.0]]
[2020.08.02-09.23.14:101][  0]LogConfig: Setting CVar [[r.DistanceFieldShadowing:1]]
[2020.08.02-09.23.14:101][  0]LogConfig: Setting CVar [[r.DistanceFieldAO:1]]
[2020.08.02-09.23.14:101][  0]LogConfig: Setting CVar [[r.AOQuality:2]]
[2020.08.02-09.23.14:101][  0]LogConfig: Setting CVar [[r.VolumetricFog:1]]
[2020.08.02-09.23.14:101][  0]LogConfig: Setting CVar [[r.VolumetricFog.GridPixelSize:8]]
[2020.08.02-09.23.14:101][  0]LogConfig: Setting CVar [[r.VolumetricFog.GridSizeZ:128]]
[2020.08.02-09.23.14:101][  0]LogConfig: Setting CVar [[r.VolumetricFog.HistoryMissSupersampleCount:4]]
[2020.08.02-09.23.14:101][  0]LogConfig: Setting CVar [[r.LightMaxDrawDistanceScale:1]]
[2020.08.02-09.23.14:101][  0]LogConfig: Setting CVar [[r.CapsuleShadows:1]]
[2020.08.02-09.23.14:101][  0]LogConfig: Applying CVar settings from Section [PostProcessQuality@3] File [C:/Users/Ben/Documents/Unreal Projects/MyProject/Saved/Config/Windows/Scalability.ini]
[2020.08.02-09.23.14:101][  0]LogConfig: Setting CVar [[r.MotionBlurQuality:4]]
[2020.08.02-09.23.14:101][  0]LogConfig: Setting CVar [[r.AmbientOcclusionMipLevelFactor:0.4]]
[2020.08.02-09.23.14:101][  0]LogConfig: Setting CVar [[r.AmbientOcclusionMaxQuality:100]]
[2020.08.02-09.23.14:101][  0]LogConfig: Setting CVar [[r.AmbientOcclusionLevels:-1]]
[2020.08.02-09.23.14:101][  0]LogConfig: Setting CVar [[r.AmbientOcclusionRadiusScale:1.0]]
[2020.08.02-09.23.14:101][  0]LogConfig: Setting CVar [[r.DepthOfFieldQuality:2]]
[2020.08.02-09.23.14:101][  0]LogConfig: Setting CVar [[r.RenderTargetPoolMin:400]]
[2020.08.02-09.23.14:101][  0]LogConfig: Setting CVar [[r.LensFlareQuality:2]]
[2020.08.02-09.23.14:101][  0]LogConfig: Setting CVar [[r.SceneColorFringeQuality:1]]
[2020.08.02-09.23.14:101][  0]LogConfig: Setting CVar [[r.EyeAdaptationQuality:2]]
[2020.08.02-09.23.14:101][  0]LogConfig: Setting CVar [[r.BloomQuality:5]]
[2020.08.02-09.23.14:101][  0]LogConfig: Setting CVar [[r.FastBlurThreshold:100]]
[2020.08.02-09.23.14:101][  0]LogConfig: Setting CVar [[r.Upscale.Quality:3]]
[2020.08.02-09.23.14:101][  0]LogConfig: Setting CVar [[r.Tonemapper.GrainQuantization:1]]
[2020.08.02-09.23.14:101][  0]LogConfig: Setting CVar [[r.LightShaftQuality:1]]
[2020.08.02-09.23.14:101][  0]LogConfig: Setting CVar [[r.Filter.SizeScale:1]]
[2020.08.02-09.23.14:101][  0]LogConfig: Setting CVar [[r.Tonemapper.Quality:5]]
[2020.08.02-09.23.14:101][  0]LogConfig: Setting CVar [[r.DOF.Gather.AccumulatorQuality:1        ; higher gathering accumulator quality]]
[2020.08.02-09.23.14:101][  0]LogConfig: Setting CVar [[r.DOF.Gather.PostfilterMethod:1          ; Median3x3 postfilering method]]
[2020.08.02-09.23.14:101][  0]LogConfig: Setting CVar [[r.DOF.Gather.EnableBokehSettings:0       ; no bokeh simulation when gathering]]
[2020.08.02-09.23.14:101][  0]LogConfig: Setting CVar [[r.DOF.Gather.RingCount:4                 ; medium number of samples when gathering]]
[2020.08.02-09.23.14:101][  0]LogConfig: Setting CVar [[r.DOF.Scatter.ForegroundCompositing:1    ; additive foreground scattering]]
[2020.08.02-09.23.14:101][  0]LogConfig: Setting CVar [[r.DOF.Scatter.BackgroundCompositing:2    ; additive background scattering]]
[2020.08.02-09.23.14:101][  0]LogConfig: Setting CVar [[r.DOF.Scatter.EnableBokehSettings:1      ; bokeh simulation when scattering]]
[2020.08.02-09.23.14:101][  0]LogConfig: Setting CVar [[r.DOF.Scatter.MaxSpriteRatio:0.1         ; only a maximum of 10% of scattered bokeh]]
[2020.08.02-09.23.14:101][  0]LogConfig: Setting CVar [[r.DOF.Recombine.Quality:1                ; cheap slight out of focus]]
[2020.08.02-09.23.14:101][  0]LogConfig: Setting CVar [[r.DOF.Recombine.EnableBokehSettings:0    ; no bokeh simulation on slight out of focus]]
[2020.08.02-09.23.14:101][  0]LogConfig: Setting CVar [[r.DOF.TemporalAAQuality:1                ; more stable temporal accumulation]]
[2020.08.02-09.23.14:101][  0]LogConfig: Setting CVar [[r.DOF.Kernel.MaxForegroundRadius:0.025]]
[2020.08.02-09.23.14:101][  0]LogConfig: Setting CVar [[r.DOF.Kernel.MaxBackgroundRadius:0.025]]
[2020.08.02-09.23.14:101][  0]LogConfig: Applying CVar settings from Section [TextureQuality@3] File [C:/Users/Ben/Documents/Unreal Projects/MyProject/Saved/Config/Windows/Scalability.ini]
[2020.08.02-09.23.14:101][  0]LogConfig: Setting CVar [[r.Streaming.MipBias:0]]
[2020.08.02-09.23.14:101][  0]LogConfig: Setting CVar [[r.Streaming.AmortizeCPUToGPUCopy:0]]
[2020.08.02-09.23.14:101][  0]LogConfig: Setting CVar [[r.Streaming.MaxNumTexturesToStreamPerFrame:0]]
[2020.08.02-09.23.14:101][  0]LogConfig: Setting CVar [[r.Streaming.Boost:1]]
[2020.08.02-09.23.14:101][  0]LogConfig: Setting CVar [[r.MaxAnisotropy:8]]
[2020.08.02-09.23.14:101][  0]LogConfig: Setting CVar [[r.VT.MaxAnisotropy:8]]
[2020.08.02-09.23.14:101][  0]LogConfig: Setting CVar [[r.Streaming.LimitPoolSizeToVRAM:0]]
[2020.08.02-09.23.14:101][  0]LogConfig: Setting CVar [[r.Streaming.PoolSize:1000]]
[2020.08.02-09.23.14:101][  0]LogConfig: Setting CVar [[r.Streaming.MaxEffectiveScreenSize:0]]
[2020.08.02-09.23.14:101][  0]LogConfig: Applying CVar settings from Section [EffectsQuality@3] File [C:/Users/Ben/Documents/Unreal Projects/MyProject/Saved/Config/Windows/Scalability.ini]
[2020.08.02-09.23.14:101][  0]LogConfig: Setting CVar [[r.TranslucencyLightingVolumeDim:64]]
[2020.08.02-09.23.14:101][  0]LogConfig: Setting CVar [[r.RefractionQuality:2]]
[2020.08.02-09.23.14:102][  0]LogConfig: Setting CVar [[r.SSR.Quality:3]]
[2020.08.02-09.23.14:102][  0]LogConfig: Setting CVar [[r.SSR.HalfResSceneColor:0]]
[2020.08.02-09.23.14:102][  0]LogConfig: Setting CVar [[r.SceneColorFormat:4]]
[2020.08.02-09.23.14:102][  0]LogConfig: Setting CVar [[r.DetailMode:2]]
[2020.08.02-09.23.14:102][  0]LogConfig: Setting CVar [[r.TranslucencyVolumeBlur:1]]
[2020.08.02-09.23.14:102][  0]LogConfig: Setting CVar [[r.MaterialQualityLevel:1 ; High quality]]
[2020.08.02-09.23.14:102][  0]LogConfig: Setting CVar [[r.SSS.Scale:1]]
[2020.08.02-09.23.14:102][  0]LogConfig: Setting CVar [[r.SSS.SampleSet:2]]
[2020.08.02-09.23.14:102][  0]LogConfig: Setting CVar [[r.SSS.Quality:1]]
[2020.08.02-09.23.14:102][  0]LogConfig: Setting CVar [[r.SSS.HalfRes:0]]
[2020.08.02-09.23.14:102][  0]LogConfig: Setting CVar [[r.SSGI.Quality:3]]
[2020.08.02-09.23.14:102][  0]LogConfig: Setting CVar [[r.EmitterSpawnRateScale:1.0]]
[2020.08.02-09.23.14:102][  0]LogConfig: Setting CVar [[r.ParticleLightQuality:2]]
[2020.08.02-09.23.14:102][  0]LogConfig: Setting CVar [[r.SkyAtmosphere.AerialPerspectiveLUT.FastApplyOnOpaque:1 ; Always have FastSkyLUT 1 in this case to avoid wrong sky]]
[2020.08.02-09.23.14:102][  0]LogConfig: Setting CVar [[r.SkyAtmosphere.AerialPerspectiveLUT.SampleCountPerSlice:1]]
[2020.08.02-09.23.14:102][  0]LogConfig: Setting CVar [[r.SkyAtmosphere.AerialPerspectiveLUT.DepthResolution:16.0]]
[2020.08.02-09.23.14:102][  0]LogConfig: Setting CVar [[r.SkyAtmosphere.FastSkyLUT:1]]
[2020.08.02-09.23.14:102][  0]LogConfig: Setting CVar [[r.SkyAtmosphere.FastSkyLUT.SampleCountMin:4.0]]
[2020.08.02-09.23.14:102][  0]LogConfig: Setting CVar [[r.SkyAtmosphere.FastSkyLUT.SampleCountMax:32.0]]
[2020.08.02-09.23.14:102][  0]LogConfig: Setting CVar [[r.SkyAtmosphere.SampleCountMin:4.0]]
[2020.08.02-09.23.14:102][  0]LogConfig: Setting CVar [[r.SkyAtmosphere.SampleCountMax:32.0]]
[2020.08.02-09.23.14:102][  0]LogConfig: Setting CVar [[r.SkyAtmosphere.TransmittanceLUT.UseSmallFormat:0]]
[2020.08.02-09.23.14:102][  0]LogConfig: Setting CVar [[r.SkyAtmosphere.TransmittanceLUT.SampleCount:10.0]]
[2020.08.02-09.23.14:102][  0]LogConfig: Setting CVar [[r.SkyAtmosphere.MultiScatteringLUT.SampleCount:15.0]]
[2020.08.02-09.23.14:102][  0]LogConfig: Applying CVar settings from Section [FoliageQuality@3] File [C:/Users/Ben/Documents/Unreal Projects/MyProject/Saved/Config/Windows/Scalability.ini]
[2020.08.02-09.23.14:102][  0]LogConfig: Setting CVar [[foliage.DensityScale:1.0]]
[2020.08.02-09.23.14:102][  0]LogConfig: Setting CVar [[grass.DensityScale:1.0]]
[2020.08.02-09.23.14:102][  0]LogConfig: Applying CVar settings from Section [ShadingQuality@3] File [C:/Users/Ben/Documents/Unreal Projects/MyProject/Saved/Config/Windows/Scalability.ini]
[2020.08.02-09.23.14:102][  0]LogConfig: Setting CVar [[r.HairStrands.SkyLighting.SampleCount:16]]
[2020.08.02-09.23.14:102][  0]LogConfig: Setting CVar [[r.HairStrands.SkyLighting.JitterIntegration:0]]
[2020.08.02-09.23.14:102][  0]LogConfig: Setting CVar [[r.HairStrands.SkyAO.SampleCount:16]]
[2020.08.02-09.23.14:102][  0]LogConfig: Setting CVar [[r.HairStrands.DeepShadow.SuperSampling:0]]
[2020.08.02-09.23.14:102][  0]LogConfig: Setting CVar [[r.HairStrands.VisibilityPPLL:0]]
[2020.08.02-09.23.14:102][  0]LogConfig: Setting CVar [[r.HairStrands.RasterizationScale:0.5]]
[2020.08.02-09.23.14:102][  0]LogConfig: Setting CVar [[r.HairStrands.VelocityRasterizationScale:1]]
[2020.08.02-09.23.14:102][  0]LogConfig: Applying CVar settings from Section [Startup] File [../../../Engine/Config/ConsoleVariables.ini]
[2020.08.02-09.23.14:102][  0]LogConfig: Setting CVar [[net.UseAdaptiveNetUpdateFrequency:0]]
[2020.08.02-09.23.14:102][  0]LogConfig: Setting CVar [[p.chaos.AllowCreatePhysxBodies:1]]
[2020.08.02-09.23.14:102][  0]LogConfig: Setting CVar [[fx.SkipVectorVMBackendOptimizations:1]]
[2020.08.02-09.23.14:102][  0]LogConfig: Applying CVar settings from Section [ConsoleVariables] File [C:/Users/Ben/Documents/Unreal Projects/MyProject/Saved/Config/Windows/Engine.ini]
[2020.08.02-09.23.14:102][  0]LogInit: Computer: DESKTOP-8PQOTQN
[2020.08.02-09.23.14:102][  0]LogInit: User: Ben
[2020.08.02-09.23.14:102][  0]LogInit: CPU Page size=4096, Cores=6
[2020.08.02-09.23.14:102][  0]LogInit: High frequency timer resolution =10.000000 MHz
[2020.08.02-09.23.14:103][  0]LogMemory: Memory total: Physical=16.0GB (16GB approx)
[2020.08.02-09.23.14:103][  0]LogMemory: Platform Memory Stats for Windows
[2020.08.02-09.23.14:103][  0]LogMemory: Process Physical Memory: 113.62 MB used, 113.63 MB peak
[2020.08.02-09.23.14:103][  0]LogMemory: Process Virtual Memory: 95.96 MB used, 95.96 MB peak
[2020.08.02-09.23.14:103][  0]LogMemory: Physical Memory: 5131.46 MB used,  11203.96 MB free, 16335.41 MB total
[2020.08.02-09.23.14:103][  0]LogMemory: Virtual Memory: 5137.10 MB used,  134212592.00 MB free, 134217728.00 MB total
[2020.08.02-09.23.14:107][  0]LogWindows: WindowsPlatformFeatures enabled
[2020.08.02-09.23.14:135][  0]LogInit: Physics initialised using underlying interface: PhysX
[2020.08.02-09.23.14:136][  0]LogInit: Using OS detected language (en-US).
[2020.08.02-09.23.14:136][  0]LogInit: Using OS detected locale (en-NZ).
[2020.08.02-09.23.14:139][  0]LogTextLocalizationManager: No specific localization for 'en-US' exists, so the 'en' localization will be used.
[2020.08.02-09.23.14:299][  0]LogInit: Setting process to per monitor DPI aware
[2020.08.02-09.23.14:322][  0]LogSlate: New Slate User Created.  User Index 0, Is Virtual User: 0
[2020.08.02-09.23.14:323][  0]LogSlate: Slate User Registered.  User Index 0, Is Virtual User: 0
[2020.08.02-09.23.14:437][  0]LogHMD: Failed to initialize OpenVR with code 110
[2020.08.02-09.23.14:437][  0]LogD3D11RHI: D3D11 min allowed feature level: 11_0
[2020.08.02-09.23.14:437][  0]LogD3D11RHI: D3D11 max allowed feature level: 11_0
[2020.08.02-09.23.14:437][  0]LogD3D11RHI: D3D11 adapters:
[2020.08.02-09.23.14:493][  0]LogD3D11RHI:    0. 'NVIDIA GeForce GTX 1080' (Feature Level 11_0)
[2020.08.02-09.23.14:493][  0]LogD3D11RHI:       8079/0/8167 MB DedicatedVideo/DedicatedSystem/SharedSystem, Outputs:1, VendorId:0x10de
[2020.08.02-09.23.14:495][  0]LogD3D11RHI:    1. 'Microsoft Basic Render Driver' (Feature Level 11_0)
[2020.08.02-09.23.14:495][  0]LogD3D11RHI:       0/0/8167 MB DedicatedVideo/DedicatedSystem/SharedSystem, Outputs:0, VendorId:0x1414
[2020.08.02-09.23.14:495][  0]LogD3D11RHI: Chosen D3D11 Adapter: 0
[2020.08.02-09.23.14:501][  0]LogD3D11RHI: Creating new Direct3DDevice
[2020.08.02-09.23.14:501][  0]LogD3D11RHI:     GPU DeviceId: 0x1b80 (for the marketing name, search the web for "GPU Device Id")
[2020.08.02-09.23.14:501][  0]LogWindows: EnumDisplayDevices:
[2020.08.02-09.23.14:501][  0]LogWindows:    0. 'NVIDIA GeForce GTX 1080' (P:1 D:1)
[2020.08.02-09.23.14:501][  0]LogWindows:    1. 'NVIDIA GeForce GTX 1080' (P:0 D:0)
[2020.08.02-09.23.14:502][  0]LogWindows:    2. 'NVIDIA GeForce GTX 1080' (P:0 D:0)
[2020.08.02-09.23.14:502][  0]LogWindows:    3. 'NVIDIA GeForce GTX 1080' (P:0 D:0)
[2020.08.02-09.23.14:502][  0]LogWindows: DebugString: FoundDriverCount:4 
[2020.08.02-09.23.14:502][  0]LogD3D11RHI:     Adapter Name: NVIDIA GeForce GTX 1080
[2020.08.02-09.23.14:502][  0]LogD3D11RHI:   Driver Version: 451.48 (internal:27.21.14.5148, unified:451.48)
[2020.08.02-09.23.14:502][  0]LogD3D11RHI:      Driver Date: 6-21-2020
[2020.08.02-09.23.14:502][  0]LogRHI: Texture pool is 5655 MB (70% of 8079 MB)
[2020.08.02-09.23.14:537][  0]LogD3D11RHI: RHI has support for 64 bit atomics
[2020.08.02-09.23.14:539][  0]LogD3D11RHI: [Aftermath] Enabled and primed
[2020.08.02-09.23.14:539][  0]LogD3D11RHI: Async texture creation enabled
[2020.08.02-09.23.14:539][  0]LogD3D11RHI: Array index from any shader is supported
[2020.08.02-09.23.14:556][  0]LogD3D11RHI: GPU Timing Frequency: 1000.000000 (Debug: 2 1)
[2020.08.02-09.23.14:796][  0]LogTargetPlatformManager: Display: Loaded TargetPlatform 'AllDesktop'
[2020.08.02-09.23.14:814][  0]LogTargetPlatformManager: Display: Loaded TargetPlatform 'Android'
[2020.08.02-09.23.14:814][  0]LogTargetPlatformManager: Display: Loaded TargetPlatform 'Android_ASTC'
[2020.08.02-09.23.14:814][  0]LogTargetPlatformManager: Display: Loaded TargetPlatform 'Android_DXT'
[2020.08.02-09.23.14:814][  0]LogTargetPlatformManager: Display: Loaded TargetPlatform 'Android_ETC2'
[2020.08.02-09.23.14:814][  0]LogTargetPlatformManager: Display: Loaded TargetPlatform 'AndroidClient'
[2020.08.02-09.23.14:814][  0]LogTargetPlatformManager: Display: Loaded TargetPlatform 'Android_ASTCClient'
[2020.08.02-09.23.14:814][  0]LogTargetPlatformManager: Display: Loaded TargetPlatform 'Android_DXTClient'
[2020.08.02-09.23.14:814][  0]LogTargetPlatformManager: Display: Loaded TargetPlatform 'Android_ETC2Client'
[2020.08.02-09.23.14:814][  0]LogTargetPlatformManager: Display: Loaded TargetPlatform 'Android_Multi'
[2020.08.02-09.23.14:814][  0]LogTargetPlatformManager: Display: Loaded TargetPlatform 'Android_MultiClient'
[2020.08.02-09.23.14:832][  0]LogTargetPlatformManager: Display: Loaded TargetPlatform 'IOSClient'
[2020.08.02-09.23.14:832][  0]LogTargetPlatformManager: Display: Loaded TargetPlatform 'IOS'
[2020.08.02-09.23.14:840][  0]LogTargetPlatformManager: Display: Loaded TargetPlatform 'Linux'
[2020.08.02-09.23.14:847][  0]LogTargetPlatformManager: Display: Loaded TargetPlatform 'LinuxNoEditor'
[2020.08.02-09.23.14:855][  0]LogTargetPlatformManager: Display: Loaded TargetPlatform 'LinuxClient'
[2020.08.02-09.23.14:863][  0]LogTargetPlatformManager: Display: Loaded TargetPlatform 'LinuxServer'
[2020.08.02-09.23.14:870][  0]LogTargetPlatformManager: Display: Loaded TargetPlatform 'LinuxAArch64NoEditor'
[2020.08.02-09.23.14:878][  0]LogTargetPlatformManager: Display: Loaded TargetPlatform 'LinuxAArch64Client'
[2020.08.02-09.23.14:886][  0]LogTargetPlatformManager: Display: Loaded TargetPlatform 'LinuxAArch64Server'
[2020.08.02-09.23.14:907][  0]LogTargetPlatformManager: Display: Loaded TargetPlatform 'Lumin'
[2020.08.02-09.23.14:907][  0]LogTargetPlatformManager: Display: Loaded TargetPlatform 'LuminClient'
[2020.08.02-09.23.14:921][  0]LogTargetPlatformManager: Display: Loaded TargetPlatform 'TVOSClient'
[2020.08.02-09.23.14:921][  0]LogTargetPlatformManager: Display: Loaded TargetPlatform 'TVOS'
[2020.08.02-09.23.14:928][  0]LogTargetPlatformManager: Display: Loaded TargetPlatform 'WindowsNoEditor'
[2020.08.02-09.23.14:937][  0]LogTargetPlatformManager: Display: Loaded TargetPlatform 'Windows'
[2020.08.02-09.23.14:945][  0]LogTargetPlatformManager: Display: Loaded TargetPlatform 'WindowsClient'
[2020.08.02-09.23.14:952][  0]LogTargetPlatformManager: Display: Loaded TargetPlatform 'WindowsServer'
[2020.08.02-09.23.14:952][  0]LogTargetPlatformManager: Display: Building Assets For Windows
[2020.08.02-09.23.14:958][  0]LogAudioDebug: Display: Lib vorbis DLL was dynamically loaded.
[2020.08.02-09.23.15:005][  0]LogShaderCompilers: Guid format shader working directory is -20 characters bigger than the processId version (../../../../../../Users/Ben/Documents/Unreal Projects/MyProject/Intermediate/Shaders/WorkingDirectory/16600/).
[2020.08.02-09.23.15:005][  0]LogShaderCompilers: Cleaned the shader compiler working directory 'C:/Users/Ben/AppData/Local/Temp/UnrealShaderWorkingDir/B345BF7D48F796F3735EE086563E433E/'.
[2020.08.02-09.23.15:005][  0]LogXGEController: Cannot use XGE Controller as Incredibuild is not installed on this machine.
[2020.08.02-09.23.15:005][  0]LogShaderCompilers: Cannot use XGE Shader Compiler as Incredibuild is not installed on this machine.
[2020.08.02-09.23.15:005][  0]LogShaderCompilers: Display: Using Local Shader Compiler.
[2020.08.02-09.23.15:672][  0]LogDerivedDataCache: Display: Max Cache Size: 512 MB
[2020.08.02-09.23.15:717][  0]LogDerivedDataCache: Loaded boot cache 0.05s 76MB C:/Users/Ben/AppData/Local/UnrealEngine/4.25/DerivedDataCache/Boot.ddc.
[2020.08.02-09.23.15:717][  0]LogDerivedDataCache: Display: Loaded Boot cache: C:/Users/Ben/AppData/Local/UnrealEngine/4.25/DerivedDataCache/Boot.ddc
[2020.08.02-09.23.15:718][  0]LogDerivedDataCache: FDerivedDataBackendGraph:  Pak pak cache file ../../../../../../Users/Ben/Documents/Unreal Projects/MyProject/DerivedDataCache/DDC.ddp not found, will not use a pak cache.
[2020.08.02-09.23.15:718][  0]LogDerivedDataCache: Unable to find inner node Pak for hierarchical cache Hierarchy.
[2020.08.02-09.23.15:718][  0]LogDerivedDataCache: FDerivedDataBackendGraph:  CompressedPak pak cache file ../../../../../../Users/Ben/Documents/Unreal Projects/MyProject/DerivedDataCache/Compressed.ddp not found, will not use a pak cache.
[2020.08.02-09.23.15:718][  0]LogDerivedDataCache: Unable to find inner node CompressedPak for hierarchical cache Hierarchy.
[2020.08.02-09.23.15:728][  0]LogDerivedDataCache: Display: Pak cache opened for reading ../../../Engine/DerivedDataCache/Compressed.ddp.
[2020.08.02-09.23.15:728][  0]LogDerivedDataCache: FDerivedDataBackendGraph:  EnterprisePak pak cache file ../../../Enterprise/DerivedDataCache/Compressed.ddp not found, will not use a pak cache.
[2020.08.02-09.23.15:728][  0]LogDerivedDataCache: Unable to find inner node EnterprisePak for hierarchical cache Hierarchy.
[2020.08.02-09.23.15:729][  0]LogDerivedDataCache: Using Local data cache path C:/Users/Ben/AppData/Local/UnrealEngine/Common/DerivedDataCache: Writable
[2020.08.02-09.23.15:729][  0]LogDerivedDataCache: Shared data cache path not found in *engine.ini, will not use an Shared cache.
[2020.08.02-09.23.15:729][  0]LogDerivedDataCache: Unable to find inner node Shared for hierarchical cache Hierarchy.
[2020.08.02-09.23.15:774][  0]LogSlate: Using FreeType 2.10.0
[2020.08.02-09.23.15:775][  0]LogSlate: SlateFontServices - WITH_FREETYPE: 1, WITH_HARFBUZZ: 1
[2020.08.02-09.23.15:797][  0]LogAssetRegistry: FAssetRegistry took 0.0023 seconds to start up
[2020.08.02-09.23.15:995][  0]LogInit: Selected Device Profile: [Windows]
[2020.08.02-09.23.16:098][  0]LogMeshReduction: Using QuadricMeshReduction for automatic static mesh reduction
[2020.08.02-09.23.16:098][  0]LogMeshReduction: Using SimplygonMeshReduction for automatic skeletal mesh reduction
[2020.08.02-09.23.16:098][  0]LogMeshReduction: Using ProxyLODMeshReduction for automatic mesh merging
[2020.08.02-09.23.16:098][  0]LogMeshReduction: No distributed automatic mesh merging module available
[2020.08.02-09.23.16:098][  0]LogMeshMerging: No distributed automatic mesh merging module available
[2020.08.02-09.23.16:111][  0]LogNetVersion: MyProject 1.0.0, NetCL: 13144385, EngineNetVer: 14, GameNetVer: 0 (Checksum: 709303259)
[2020.08.02-09.23.16:488][  0]LogAISub: UAISubsystem::UAISubsystem AISubsystem (000002A0B5B2DBC0), frame # 0
[2020.08.02-09.23.16:488][  0]LogAISub: UAISubsystem::UAISubsystem AIPerceptionSystem (000002A0B5A73B00), frame # 0
[2020.08.02-09.23.16:489][  0]LogAISub: UAISubsystem::UAISubsystem EnvQueryManager (000002A0B5A87200), frame # 0
[2020.08.02-09.23.16:537][  0]LogPackageLocalizationCache: Processed 19 localized package path(s) for 1 prioritized culture(s) in 0.043013 seconds
[2020.08.02-09.23.16:541][  0]LogUObjectArray: 15917 objects as part of root set at end of initial load.
[2020.08.02-09.23.16:541][  0]LogUObjectAllocator: 3965568 out of 0 bytes used by permanent object pool.
[2020.08.02-09.23.16:541][  0]LogUObjectArray: CloseDisregardForGC: 0/0 objects in disregard for GC pool
[2020.08.02-09.23.16:817][  0]LogTcpMessaging: Initializing TcpMessaging bridge
[2020.08.02-09.23.16:821][  0]LogUdpMessaging: Initializing bridge on interface 0.0.0.0:0 to multicast group 230.0.0.1:6666.
[2020.08.02-09.23.16:890][  0]SourceControl: Source control is disabled
[2020.08.02-09.23.16:890][  0]SourceControl: Source control is disabled
[2020.08.02-09.23.16:892][  0]SourceControl: Source control is disabled
[2020.08.02-09.23.16:895][  0]SourceControl: Source control is disabled
[2020.08.02-09.23.16:901][  0]SourceControl: Source control is disabled
[2020.08.02-09.23.17:102][  0]LogAndroidPermission: UAndroidPermissionCallbackProxy::GetInstance
[2020.08.02-09.23.17:117][  0]LogAudioCaptureCore: Display: No Audio Capture implementations found. Audio input will be silent.
[2020.08.02-09.23.17:117][  0]LogAudioCaptureCore: Display: No Audio Capture implementations found. Audio input will be silent.
[2020.08.02-09.23.17:157][  0]LogOcInput: OculusInput pre-init called
[2020.08.02-09.23.17:166][  0]LogWindows: Failed to load 'OVRPlugin.dll' (GetLastError=126)
[2020.08.02-09.23.17:166][  0]LogWindows: File 'OVRPlugin.dll' does not exist
[2020.08.02-09.23.17:217][  0]LogEngine: Initializing Engine...
[2020.08.02-09.23.17:218][  0]LogHMD: Failed to initialize OpenVR with code 110
[2020.08.02-09.23.17:218][  0]LogMagicLeap: Warning: VR disabled because ZI is not enabled.  To enable, in the editor, Edit -> Project Settings -> Plugins -> Magic Leap Plugin -> Enable Zero Iteration
[2020.08.02-09.23.17:219][  0]LogStats: UGameplayTagsManager::InitializeManager -  0.000 s
[2020.08.02-09.23.17:317][  0]LogInit: Initializing FReadOnlyCVARCache
[2020.08.02-09.23.17:325][  0]LogAIModule: Creating AISystem for world Untitled
[2020.08.02-09.23.17:325][  0]LogAISub: UAISubsystem::UAISubsystem EnvQueryManager (000002A0BA0A1200), frame # 0
[2020.08.02-09.23.17:325][  0]LogAISub: UAISubsystem::UAISubsystem AIPerceptionSystem (000002A0BA0C4680), frame # 0
[2020.08.02-09.23.17:338][  0]LogAudioMixer: Display: Audio Mixer Platform Settings:
[2020.08.02-09.23.17:338][  0]LogAudioMixer: Display: 	Sample Rate:						  48000
[2020.08.02-09.23.17:338][  0]LogAudioMixer: Display: 	Callback Buffer Frame Size Requested: 1024
[2020.08.02-09.23.17:338][  0]LogAudioMixer: Display: 	Callback Buffer Frame Size To Use:	  1024
[2020.08.02-09.23.17:338][  0]LogAudioMixer: Display: 	Number of buffers to queue:			  2
[2020.08.02-09.23.17:338][  0]LogAudioMixer: Display: 	Max Channels (voices):				  32
[2020.08.02-09.23.17:338][  0]LogAudioMixer: Display: 	Number of Async Source Workers:		  0
[2020.08.02-09.23.17:338][  0]LogAudio: Display: AudioDevice MaxSources: 32
[2020.08.02-09.23.17:338][  0]LogAudio: Display: Using built-in audio occlusion.
[2020.08.02-09.23.17:338][  0]LogAudioMixer: Display: Initializing audio mixer.
[2020.08.02-09.23.17:354][  0]LogAudioMixer: Display: 0: FrontLeft
[2020.08.02-09.23.17:354][  0]LogAudioMixer: Display: 1: FrontRight
[2020.08.02-09.23.17:386][  0]LogAudioMixer: Display: Using Audio Device Speakers (Steam Streaming Speakers)
[2020.08.02-09.23.17:388][  0]LogAudioMixer: Display: Initializing Sound Submixes...
[2020.08.02-09.23.17:390][  0]LogAudioMixer: Display: Creating Master Submix 'MasterSubmixDefault'
[2020.08.02-09.23.17:390][  0]LogAudioMixer: Display: Creating Master Submix 'MasterReverbSubmixDefault'
[2020.08.02-09.23.17:391][  0]LogAudioMixer: Display: Creating Master Submix 'MasterEQSubmixDefault'
[2020.08.02-09.23.17:391][  0]LogInit: FAudioDevice initialized.
[2020.08.02-09.23.17:391][  0]LogNetVersion: Set ProjectVersion to 1.0.0.0. Version Checksum will be recalculated on next use.
[2020.08.02-09.23.17:458][  0]LogDerivedDataCache: Saved boot cache 0.07s 76MB C:/Users/Ben/AppData/Local/UnrealEngine/4.25/DerivedDataCache/Boot.ddc.
[2020.08.02-09.23.17:462][  0]LogInit: Texture streaming: Enabled
[2020.08.02-09.23.17:474][  0]LogEngineSessionManager: EngineSessionManager initialized
[2020.08.02-09.23.17:474][  0]LogEditorSessionSummary: Verbose: Initializing EditorSessionSummaryWriter for editor session tracking
[2020.08.02-09.23.17:476][  0]LogEditorSessionSummary: EditorSessionSummaryWriter initialized
[2020.08.02-09.23.17:527][  0]LogInit: Transaction tracking system initialized
[2020.08.02-09.23.17:542][  0]BlueprintLog: New page: Editor Load
[2020.08.02-09.23.17:599][  0]LocalizationService: Localization service is disabled
[2020.08.02-09.23.17:721][  0]LogCook: Display: Max memory allowance for cook 16384mb min free memory 0mb
[2020.08.02-09.23.17:721][  0]LogCook: Display: Mobile HDR setting 1
[2020.08.02-09.23.17:789][  0]LogFileCache: Scanning file cache for directory 'C:/Users/Ben/Documents/Unreal Projects/MyProject/Content/' took 0.00s
[2020.08.02-09.23.17:988][  0]SourceControl: Source control is disabled
[2020.08.02-09.23.17:988][  0]LogUnrealEdMisc: Loading editor; pre map load, took 5.244
[2020.08.02-09.23.17:988][  0]Cmd: MAP LOAD FILE="../../../../../../Users/Ben/Documents/Unreal Projects/MyProject/Content/LowPoly_Assets/Maps/Demo.umap" TEMPLATE=0 SHOWPROGRESS=1 FEATURELEVEL=3
[2020.08.02-09.23.17:989][  0]LightingResults: New page: Lighting Build
[2020.08.02-09.23.17:989][  0]LogWorld: UWorld::CleanupWorld for Untitled, bSessionEnded=true, bCleanupResources=true
[2020.08.02-09.23.17:989][  0]LogSlate: InvalidateAllWidgets triggered.  All widgets were invalidated
[2020.08.02-09.23.17:989][  0]MapCheck: New page: Map Check
[2020.08.02-09.23.17:989][  0]LightingResults: New page: Lighting Build
[2020.08.02-09.23.17:997][  0]LogAISub: UAISubsystem::~UAISubsystem EnvQueryManager (000002A0BA0A1200), frame # 0
[2020.08.02-09.23.17:998][  0]LogAISub: UAISubsystem::~UAISubsystem AIPerceptionSystem (000002A0BA0C4680), frame # 0
[2020.08.02-09.23.17:998][  0]LogUObjectHash: Compacting FUObjectHashTables data took   0.51ms
[2020.08.02-09.23.18:262][  0]LogAIModule: Creating AISystem for world Demo
[2020.08.02-09.23.18:262][  0]LogAISub: UAISubsystem::UAISubsystem EnvQueryManager (000002A0A969FE00), frame # 0
[2020.08.02-09.23.18:262][  0]LogAISub: UAISubsystem::UAISubsystem AIPerceptionSystem (000002A0AE222200), frame # 0
[2020.08.02-09.23.18:318][  0]LogEditorServer: Finished looking for orphan Actors (0.000 secs)
[2020.08.02-09.23.18:336][  0]LogUObjectHash: Compacting FUObjectHashTables data took   0.67ms
[2020.08.02-09.23.18:336][  0]Cmd: MAP CHECKDEP NOCLEARLOG
[2020.08.02-09.23.18:337][  0]MapCheck: Map check complete: 0 Error(s), 0 Warning(s), took 0.205ms to complete.
[2020.08.02-09.23.18:337][  0]LogFileHelpers: Loading map 'Demo' took 0.348
[2020.08.02-09.23.18:338][  0]LogUnrealEdMisc: Total Editor Startup Time, took 5.594
[2020.08.02-09.23.18:433][  0]LogSlate: Updating window title bar state: overlay mode, drag disabled, window buttons hidden, title bar hidden
[2020.08.02-09.23.18:439][  0]LogSlate: Updating window title bar state: overlay mode, drag disabled, window buttons hidden, title bar hidden
[2020.08.02-09.23.18:445][  0]LogSlate: Updating window title bar state: overlay mode, drag disabled, window buttons hidden, title bar hidden
[2020.08.02-09.23.18:450][  0]LogSlate: Updating window title bar state: overlay mode, drag disabled, window buttons hidden, title bar hidden
[2020.08.02-09.23.18:456][  0]LogCollectionManager: Loaded 0 collections in 0.001507 seconds
[2020.08.02-09.23.18:467][  0]LogFileCache: Scanning file cache for directory 'C:/Users/Ben/Documents/Unreal Projects/MyProject/Saved/Collections/' took 0.00s
[2020.08.02-09.23.18:467][  0]LogFileCache: Scanning file cache for directory 'C:/Users/Ben/Documents/Unreal Projects/MyProject/Content/Developers/Ben/Collections/' took 0.00s
[2020.08.02-09.23.18:467][  0]LogFileCache: Scanning file cache for directory 'C:/Users/Ben/Documents/Unreal Projects/MyProject/Content/Collections/' took 0.00s
[2020.08.02-09.23.18:467][  0]LogContentBrowser: Native class hierarchy populated in 0.0070 seconds. Added 3427 classes and 821 folders.
[2020.08.02-09.23.18:469][  0]LogContentBrowser: Native class hierarchy updated for 'WidgetCarousel' in 0.0002 seconds. Added 0 classes and 0 folders.
[2020.08.02-09.23.18:513][  0]LogContentBrowser: Native class hierarchy updated for 'AddContentDialog' in 0.0002 seconds. Added 0 classes and 0 folders.
[2020.08.02-09.23.18:513][  0]LogContentBrowser: Native class hierarchy updated for 'SceneOutliner' in 0.0002 seconds. Added 2 classes and 0 folders.
[2020.08.02-09.23.18:539][  0]LogSlate: Took 0.000130 seconds to synchronously load lazily loaded font '../../../Engine/Content/Slate/Fonts/Roboto-Regular.ttf' (155K)
[2020.08.02-09.23.18:541][  0]LogSlate: Took 0.000086 seconds to synchronously load lazily loaded font '../../../Engine/Content/Slate/Fonts/Roboto-Bold.ttf' (160K)
[2020.08.02-09.23.18:544][  0]LogSlate: Took 0.000095 seconds to synchronously load lazily loaded font '../../../Engine/Content/Editor/Slate/Fonts/FontAwesome.ttf' (139K)
[2020.08.02-09.23.18:612][  0]LogRenderer: Reallocating scene render targets to support 1016x572 Format 10 NumSamples 1 (Frame:1).
[2020.08.02-09.23.18:686][  0]LogContentBrowser: Native class hierarchy updated for 'HierarchicalLODOutliner' in 0.0002 seconds. Added 0 classes and 0 folders.
[2020.08.02-09.23.18:686][  0]LogLoad: (Engine Initialization) Total time: 5.94 seconds
[2020.08.02-09.23.18:686][  0]LogLoad: (Engine Initialization) Total Blueprint compile time: 0.00 seconds
[2020.08.02-09.23.18:722][  0]LogAssetRegistry: Asset discovery search completed in 2.9263 seconds
[2020.08.02-09.23.18:725][  0]LogCollectionManager: Fixed up redirectors for 0 collections in 0.000002 seconds (updated 0 objects)
[2020.08.02-09.23.18:731][  0]LogContentStreaming: Texture pool size now 1000 MB
[2020.08.02-09.23.18:756][  0]LogSlate: Took 0.000109 seconds to synchronously load lazily loaded font '../../../Engine/Content/Slate/Fonts/Roboto-Light.ttf' (167K)
[2020.08.02-09.26.26:297][560]LogAudioMixer: Warning: Changing default audio render device to new device: {0.0.0.00000000}.{20e64efb-2cbf-4672-93ca-239cc4c74ba8}.
[2020.08.02-09.26.26:297][560]LogTemp: Resetting audio stream to device id 
[2020.08.02-09.26.26:316][560]LogAudioMixer: Display: 0: FrontLeft
[2020.08.02-09.26.26:316][560]LogAudioMixer: Display: 1: FrontRight
[2020.08.02-10.16.52:433][601]LogUObjectHash: Compacting FUObjectHashTables data took   0.61ms
[2020.08.02-10.16.52:504][601]LogSlate: Window 'MyProject - Unreal Editor' being destroyed
[2020.08.02-10.16.52:505][601]LogWindowsTextInputMethodSystem: Display: IME system now deactivated.
[2020.08.02-10.16.52:596][602]Cmd: QUIT_EDITOR
[2020.08.02-10.16.52:596][602]LogCore: Engine exit requested (reason: UUnrealEdEngine::CloseEditor())
[2020.08.02-10.16.52:602][602]LogCore: Engine exit requested (reason: EngineExit() was called; note: exit was already requested)
[2020.08.02-10.16.52:627][602]LogExit: Preparing to exit.
[2020.08.02-10.16.53:531][602]LogWorld: UWorld::CleanupWorld for World_0, bSessionEnded=true, bCleanupResources=true
[2020.08.02-10.16.53:531][602]LogWorld: UWorld::CleanupWorld for World_1, bSessionEnded=true, bCleanupResources=true
[2020.08.02-10.16.53:531][602]LogWorld: UWorld::CleanupWorld for World_2, bSessionEnded=true, bCleanupResources=true
[2020.08.02-10.16.53:550][602]LogWorld: UWorld::CleanupWorld for None, bSessionEnded=true, bCleanupResources=true
[2020.08.02-10.16.53:550][602]LogExit: Editor shut down
[2020.08.02-10.16.53:550][602]LogExit: Transaction tracking system shut down
[2020.08.02-10.16.53:551][602]LogDemo: Cleaned up 0 splitscreen connections with owner deletion
[2020.08.02-10.16.53:764][602]LogAISub: UAISubsystem::~UAISubsystem AISubsystem (000002A0B5B2DBC0), frame # 9602
[2020.08.02-10.16.53:765][602]LogAISub: UAISubsystem::~UAISubsystem AIPerceptionSystem (000002A0B5A73B00), frame # 9602
[2020.08.02-10.16.53:765][602]LogAISub: UAISubsystem::~UAISubsystem EnvQueryManager (000002A0B5A87200), frame # 9602
[2020.08.02-10.16.53:768][602]LogAISub: UAISubsystem::~UAISubsystem EnvQueryManager (000002A0A969FE00), frame # 9602
[2020.08.02-10.16.53:768][602]LogAISub: UAISubsystem::~UAISubsystem AIPerceptionSystem (000002A0AE222200), frame # 9602
[2020.08.02-10.16.53:787][602]LogExit: Object subsystem successfully closed.
[2020.08.02-10.16.53:802][602]LogShaderCompilers: Display: Shaders left to compile 0
[2020.08.02-10.16.53:832][602]LogModuleManager: Shutting down and abandoning module HierarchicalLODOutliner (790)
[2020.08.02-10.16.53:832][602]LogModuleManager: Shutting down and abandoning module SceneOutliner (788)
[2020.08.02-10.16.53:832][602]LogModuleManager: Shutting down and abandoning module AddContentDialog (786)
[2020.08.02-10.16.53:833][602]LogModuleManager: Shutting down and abandoning module WidgetCarousel (785)
[2020.08.02-10.16.53:833][602]LogModuleManager: Shutting down and abandoning module EditorWidgets (782)
[2020.08.02-10.16.53:833][602]LogModuleManager: Shutting down and abandoning module CollectionManager (780)
[2020.08.02-10.16.53:833][602]LogModuleManager: Shutting down and abandoning module StatsViewer (778)
[2020.08.02-10.16.53:833][602]LogModuleManager: Shutting down and abandoning module VirtualTexturingEditor (776)
[2020.08.02-10.16.53:833][602]LogModuleManager: Shutting down and abandoning module FoliageEdit (774)
[2020.08.02-10.16.53:833][602]LogModuleManager: Shutting down and abandoning module LandscapeEditor (772)
[2020.08.02-10.16.53:833][602]LogModuleManager: Shutting down and abandoning module MeshPaintMode (770)
[2020.08.02-10.16.53:833][602]LogModuleManager: Shutting down and abandoning module SceneDepthPickerMode (768)
[2020.08.02-10.16.53:833][602]LogModuleManager: Shutting down and abandoning module ActorPickerMode (766)
[2020.08.02-10.16.53:833][602]LogModuleManager: Shutting down and abandoning module PIEPreviewDeviceProfileSelector (764)
[2020.08.02-10.16.53:833][602]LogModuleManager: Shutting down and abandoning module SequenceRecorderSections (762)
[2020.08.02-10.16.53:833][602]LogModuleManager: Shutting down and abandoning module AutomationWorker (760)
[2020.08.02-10.16.53:833][602]LogModuleManager: Shutting down and abandoning module SteamVREditor (758)
[2020.08.02-10.16.53:833][602]LogModuleManager: Shutting down and abandoning module OculusMR (756)
[2020.08.02-10.16.53:833][602]LogModuleManager: Shutting down and abandoning module GooglePADEditor (754)
[2020.08.02-10.16.53:833][602]LogModuleManager: Shutting down and abandoning module AudioCaptureEditor (752)
[2020.08.02-10.16.53:833][602]LogModuleManager: Shutting down and abandoning module TemplateSequenceEditor (750)
[2020.08.02-10.16.53:833][602]LogModuleManager: Shutting down and abandoning module MatineeToLevelSequence (748)
[2020.08.02-10.16.53:833][602]LogModuleManager: Shutting down and abandoning module LevelSequenceEditor (746)
[2020.08.02-10.16.53:833][602]LogModuleManager: Shutting down and abandoning module ActorSequenceEditor (744)
[2020.08.02-10.16.53:833][602]LogModuleManager: Shutting down and abandoning module WmfMediaFactory (742)
[2020.08.02-10.16.53:833][602]LogModuleManager: Shutting down and abandoning module WmfMediaEditor (740)
[2020.08.02-10.16.53:833][602]LogModuleManager: Shutting down and abandoning module WebMMediaFactory (738)
[2020.08.02-10.16.53:833][602]LogModuleManager: Shutting down and abandoning module WebMMediaEditor (736)
[2020.08.02-10.16.53:833][602]LogModuleManager: Shutting down and abandoning module WebMMedia (734)
[2020.08.02-10.16.53:833][602]LogModuleManager: Shutting down and abandoning module MediaPlayerEditor (732)
[2020.08.02-10.16.53:833][602]LogModuleManager: Shutting down and abandoning module MediaCompositingEditor (730)
[2020.08.02-10.16.53:834][602]LogModuleManager: Shutting down and abandoning module SequenceRecorder (729)
[2020.08.02-10.16.53:834][602]LogModuleManager: Shutting down and abandoning module OpenExrWrapper (726)
[2020.08.02-10.16.53:834][602]LogModuleManager: Shutting down and abandoning module ImgMediaFactory (724)
[2020.08.02-10.16.53:834][602]LogModuleManager: Shutting down and abandoning module ImgMediaEditor (722)
[2020.08.02-10.16.53:834][602]LogModuleManager: Shutting down and abandoning module AvfMediaFactory (720)
[2020.08.02-10.16.53:834][602]LogModuleManager: Shutting down and abandoning module AvfMediaEditor (718)
[2020.08.02-10.16.53:834][602]LogModuleManager: Shutting down and abandoning module AndroidMediaFactory (716)
[2020.08.02-10.16.53:834][602]LogModuleManager: Shutting down and abandoning module AndroidMediaEditor (714)
[2020.08.02-10.16.53:834][602]LogModuleManager: Shutting down and abandoning module MagicLeapMediaCodecFactory (712)
[2020.08.02-10.16.53:834][602]LogModuleManager: Shutting down and abandoning module MagicLeapMediaFactory (710)
[2020.08.02-10.16.53:834][602]LogModuleManager: Shutting down and abandoning module MagicLeapMediaEditor (708)
[2020.08.02-10.16.53:834][602]LogModuleManager: Shutting down and abandoning module PlanarCut (706)
[2020.08.02-10.16.53:834][602]LogModuleManager: Shutting down and abandoning module CharacterAI (704)
[2020.08.02-10.16.53:834][602]LogModuleManager: Shutting down and abandoning module TextureAlignMode (702)
[2020.08.02-10.16.53:834][602]LogModuleManager: Shutting down and abandoning module BspMode (700)
[2020.08.02-10.16.53:834][602]LogModuleManager: Shutting down and abandoning module PlacementMode (699)
[2020.08.02-10.16.53:834][602]LogModuleManager: Shutting down and abandoning module GeometryMode (696)
[2020.08.02-10.16.53:834][602]LogModuleManager: Shutting down and abandoning module CameraShakePreviewer (694)
[2020.08.02-10.16.53:834][602]LogModuleManager: Shutting down and abandoning module SmartSnapping (692)
[2020.08.02-10.16.53:834][602]LogModuleManager: Shutting down and abandoning module SessionServices (690)
[2020.08.02-10.16.53:834][602]LogModuleManager: Shutting down and abandoning module MeshPaint (688)
[2020.08.02-10.16.53:834][602]LogModuleManager: Shutting down and abandoning module ViewportSnapping (686)
[2020.08.02-10.16.53:834][602]LogModuleManager: Shutting down and abandoning module ViewportInteraction (684)
[2020.08.02-10.16.53:834][602]LogModuleManager: Shutting down and abandoning module ClothPainter (682)
[2020.08.02-10.16.53:834][602]LogModuleManager: Shutting down and abandoning module SkeletalMeshEditor (681)
[2020.08.02-10.16.53:834][602]LogModuleManager: Shutting down and abandoning module LogVisualizer (678)
[2020.08.02-10.16.53:834][602]LogModuleManager: Shutting down and abandoning module IntroTutorials (676)
[2020.08.02-10.16.53:834][602]LogModuleManager: Shutting down and abandoning module GameProjectGeneration (675)
[2020.08.02-10.16.53:834][602]LogModuleManager: Shutting down and abandoning module LuminPlatformEditor (672)
[2020.08.02-10.16.53:834][602]LogModuleManager: Shutting down and abandoning module IOSPlatformEditor (670)
[2020.08.02-10.16.53:834][602]LogModuleManager: Shutting down and abandoning module AndroidPlatformEditor (668)
[2020.08.02-10.16.53:834][602]LogModuleManager: Shutting down and abandoning module AndroidDeviceDetection (667)
[2020.08.02-10.16.55:371][602]LogModuleManager: Shutting down and abandoning module WindowsPlatformEditor (664)
[2020.08.02-10.16.55:371][602]LogModuleManager: Shutting down and abandoning module LuminRuntimeSettings (662)
[2020.08.02-10.16.55:371][602]LogModuleManager: Shutting down and abandoning module IOSRuntimeSettings (660)
[2020.08.02-10.16.55:371][602]LogModuleManager: Shutting down and abandoning module AndroidRuntimeSettings (658)
[2020.08.02-10.16.55:371][602]LogModuleManager: Shutting down and abandoning module TraceInsights (656)
[2020.08.02-10.16.55:371][602]LogModuleManager: Shutting down and abandoning module TraceServices (655)
[2020.08.02-10.16.55:371][602]LogModuleManager: Shutting down and abandoning module EditorInteractiveToolsFramework (652)
[2020.08.02-10.16.55:371][602]LogModuleManager: Shutting down and abandoning module TimeManagementEditor (650)
[2020.08.02-10.16.55:371][602]LogModuleManager: Shutting down and abandoning module InputBindingEditor (648)
[2020.08.02-10.16.55:371][602]LogModuleManager: Shutting down and abandoning module MergeActors (646)
[2020.08.02-10.16.55:371][602]LogModuleManager: Shutting down and abandoning module LocalizationDashboard (644)
[2020.08.02-10.16.55:372][602]LogModuleManager: Shutting down and abandoning module LocalizationService (643)
[2020.08.02-10.16.55:372][602]LogModuleManager: Shutting down and abandoning module HardwareTargeting (640)
[2020.08.02-10.16.55:372][602]LogModuleManager: Shutting down and abandoning module DeviceProfileEditor (638)
[2020.08.02-10.16.55:372][602]LogModuleManager: Shutting down and abandoning module UndoHistory (636)
[2020.08.02-10.16.55:372][602]LogModuleManager: Shutting down and abandoning module XmlParser (634)
[2020.08.02-10.16.55:372][602]LogModuleManager: Shutting down and abandoning module Blutility (632)
[2020.08.02-10.16.55:372][602]LogModuleManager: Shutting down and abandoning module ProjectSettingsViewer (630)
[2020.08.02-10.16.55:372][602]LogModuleManager: Shutting down and abandoning module ProjectTargetPlatformEditor (629)
[2020.08.02-10.16.55:372][602]LogModuleManager: Shutting down and abandoning module EditorSettingsViewer (626)
[2020.08.02-10.16.55:372][602]LogModuleManager: Shutting down and abandoning module SettingsEditor (624)
[2020.08.02-10.16.55:372][602]LogModuleManager: Shutting down and abandoning module ProjectLauncher (622)
[2020.08.02-10.16.55:372][602]LogModuleManager: Shutting down and abandoning module SessionFrontend (620)
[2020.08.02-10.16.55:372][602]LogModuleManager: Shutting down and abandoning module ProfilerClient (618)
[2020.08.02-10.16.55:372][602]LogModuleManager: Shutting down and abandoning module DeviceManager (616)
[2020.08.02-10.16.55:372][602]LogModuleManager: Shutting down and abandoning module TargetDeviceServices (615)
[2020.08.02-10.16.55:403][602]LogModuleManager: Shutting down and abandoning module AutomationController (612)
[2020.08.02-10.16.55:403][602]LogModuleManager: Shutting down and abandoning module AutomationWindow (610)
[2020.08.02-10.16.55:403][602]LogModuleManager: Shutting down and abandoning module Layers (608)
[2020.08.02-10.16.55:403][602]LogModuleManager: Shutting down and abandoning module ComponentVisualizers (606)
[2020.08.02-10.16.55:403][602]LogModuleManager: Shutting down and abandoning module DetailCustomizations (604)
[2020.08.02-10.16.55:403][602]LogModuleManager: Shutting down and abandoning module PackagesDialog (602)
[2020.08.02-10.16.55:403][602]LogModuleManager: Shutting down and abandoning module AnimationBlueprintEditor (600)
[2020.08.02-10.16.55:403][602]LogModuleManager: Shutting down and abandoning module Persona (598)
[2020.08.02-10.16.55:403][602]LogModuleManager: Shutting down and abandoning module AdvancedPreviewScene (597)
[2020.08.02-10.16.55:403][602]LogModuleManager: Shutting down and abandoning module AnimGraph (595)
[2020.08.02-10.16.55:403][602]LogModuleManager: Shutting down and abandoning module Kismet (592)
[2020.08.02-10.16.55:403][602]LogModuleManager: Shutting down and abandoning module KismetWidgets (591)
[2020.08.02-10.16.55:403][602]LogModuleManager: Shutting down and abandoning module GraphEditor (588)
[2020.08.02-10.16.55:403][602]LogModuleManager: Shutting down and abandoning module StructViewer (586)
[2020.08.02-10.16.55:403][602]LogModuleManager: Shutting down and abandoning module ClassViewer (584)
[2020.08.02-10.16.55:403][602]LogModuleManager: Shutting down and abandoning module Toolbox (582)
[2020.08.02-10.16.55:403][602]LogModuleManager: Shutting down and abandoning module ModuleUI (580)
[2020.08.02-10.16.55:403][602]LogModuleManager: Shutting down and abandoning module OutputLog (578)
[2020.08.02-10.16.55:403][602]LogModuleManager: Shutting down and abandoning module GammaUI (576)
[2020.08.02-10.16.55:403][602]LogModuleManager: Shutting down and abandoning module Documentation (574)
[2020.08.02-10.16.55:403][602]LogModuleManager: Shutting down and abandoning module LiveCoding (572)
[2020.08.02-10.16.55:403][602]LogModuleManager: Shutting down and abandoning module LevelSequence (570)
[2020.08.02-10.16.55:403][602]LogModuleManager: Shutting down and abandoning module MovieSceneTracks (568)
[2020.08.02-10.16.55:403][602]LogModuleManager: Shutting down and abandoning module MovieScene (566)
[2020.08.02-10.16.55:403][602]LogModuleManager: Shutting down and abandoning module StreamingPauseRendering (564)
[2020.08.02-10.16.55:403][602]LogModuleManager: Shutting down and abandoning module LauncherPlatform (562)
[2020.08.02-10.16.55:403][602]LogModuleManager: Shutting down and abandoning module AnalyticsET (560)
[2020.08.02-10.16.55:403][602]LogModuleManager: Shutting down and abandoning module PortalServices (558)
[2020.08.02-10.16.55:403][602]LogModuleManager: Shutting down and abandoning module PortalRpc (556)
[2020.08.02-10.16.55:403][602]LogModuleManager: Shutting down and abandoning module MessagingRpc (554)
[2020.08.02-10.16.55:403][602]LogModuleManager: Shutting down and abandoning module AudioMixerXAudio2 (552)
[2020.08.02-10.16.55:403][602]LogModuleManager: Shutting down and abandoning module AudioMixerCore (551)
[2020.08.02-10.16.55:403][602]LogModuleManager: Shutting down and abandoning module AIModule (548)
[2020.08.02-10.16.55:404][602]LogModuleManager: Shutting down and abandoning module GameplayDebugger (547)
[2020.08.02-10.16.55:404][602]LogModuleManager: Shutting down and abandoning module AITestSuite (545)
[2020.08.02-10.16.55:404][602]LogModuleManager: Shutting down and abandoning module NavigationSystem (543)
[2020.08.02-10.16.55:404][602]LogModuleManager: Shutting down and abandoning module ProfilerService (540)
[2020.08.02-10.16.55:641][602]LogModuleManager: Shutting down and abandoning module TaskGraph (538)
[2020.08.02-10.16.55:641][602]LogModuleManager: Shutting down and abandoning module ScreenshotTools (536)
[2020.08.02-10.16.55:641][602]LogModuleManager: Shutting down and abandoning module SynthesisEditor (534)
[2020.08.02-10.16.55:641][602]LogModuleManager: Shutting down and abandoning module Synthesis (532)
[2020.08.02-10.16.55:641][602]LogModuleManager: Shutting down and abandoning module ProceduralMeshComponentEditor (530)
[2020.08.02-10.16.55:641][602]LogModuleManager: Shutting down and abandoning module ProceduralMeshComponent (528)
[2020.08.02-10.16.55:641][602]LogModuleManager: Shutting down and abandoning module OculusEditor (526)
[2020.08.02-10.16.55:641][602]LogModuleManager: Shutting down and abandoning module OculusInput (524)
[2020.08.02-10.16.55:641][602]LogModuleManager: Shutting down and abandoning module MobilePatchingUtils (522)
[2020.08.02-10.16.55:641][602]LogModuleManager: Shutting down and abandoning module GooglePAD (520)
[2020.08.02-10.16.55:641][602]LogModuleManager: Shutting down and abandoning module EditableMesh (518)
[2020.08.02-10.16.55:641][602]LogModuleManager: Shutting down and abandoning module CustomMeshComponent (516)
[2020.08.02-10.16.55:641][602]LogModuleManager: Shutting down and abandoning module CableComponent (514)
[2020.08.02-10.16.55:641][602]LogModuleManager: Shutting down and abandoning module AudioCapture (512)
[2020.08.02-10.16.55:641][602]LogModuleManager: Shutting down and abandoning module AudioCaptureRtAudio (511)
[2020.08.02-10.16.55:641][602]LogModuleManager: Shutting down and abandoning module AssetTags (508)
[2020.08.02-10.16.55:641][602]LogModuleManager: Shutting down and abandoning module ArchVisCharacter (506)
[2020.08.02-10.16.55:641][602]LogModuleManager: Shutting down and abandoning module AppleImageUtilsBlueprintSupport (504)
[2020.08.02-10.16.55:642][602]LogModuleManager: Shutting down and abandoning module AppleImageUtils (502)
[2020.08.02-10.16.55:642][602]LogModuleManager: Shutting down and abandoning module AndroidPermission (500)
[2020.08.02-10.16.55:642][602]LogModuleManager: Shutting down and abandoning module NUTUnrealEngine4 (498)
[2020.08.02-10.16.55:642][602]LogModuleManager: Shutting down and abandoning module NetcodeUnitTest (496)
[2020.08.02-10.16.55:642][602]LogModuleManager: Shutting down and abandoning module TemplateSequence (494)
[2020.08.02-10.16.55:642][602]LogModuleManager: Shutting down and abandoning module MovieRenderPipelineEditor (492)
[2020.08.02-10.16.55:642][602]LogModuleManager: Shutting down and abandoning module MovieRenderPipelineRenderPasses (490)
[2020.08.02-10.16.55:642][602]LogModuleManager: Shutting down and abandoning module MovieRenderPipelineSettings (488)
[2020.08.02-10.16.55:642][602]LogModuleManager: Shutting down and abandoning module MovieRenderPipelineCore (486)
[2020.08.02-10.16.55:642][602]LogModuleManager: Shutting down and abandoning module ImageWriteQueue (485)
[2020.08.02-10.16.55:663][602]LogModuleManager: Shutting down and abandoning module MeshPaintingToolset (482)
[2020.08.02-10.16.55:663][602]LogModuleManager: Shutting down and abandoning module MeshPaintEditorMode (480)
[2020.08.02-10.16.55:664][602]LogModuleManager: Shutting down and abandoning module MediaCompositing (478)
[2020.08.02-10.16.55:664][602]LogModuleManager: Shutting down and abandoning module ImgMedia (476)
[2020.08.02-10.16.55:664][602]LogModuleManager: Shutting down and abandoning module MagicLeapSharedWorld (474)
[2020.08.02-10.16.55:664][602]LogModuleManager: Shutting down and abandoning module MagicLeapLightEstimation (472)
[2020.08.02-10.16.55:664][602]LogModuleManager: Shutting down and abandoning module MagicLeapHelperVulkan (470)
[2020.08.02-10.16.55:664][602]LogModuleManager: Shutting down and abandoning module MagicLeapHelperOpenGL (468)
[2020.08.02-10.16.55:664][602]LogModuleManager: Shutting down and abandoning module MagicLeapAudio (466)
[2020.08.02-10.16.55:664][602]LogModuleManager: Shutting down and abandoning module NiagaraEditorWidgets (464)
[2020.08.02-10.16.55:664][602]LogModuleManager: Shutting down and abandoning module MeshSolverUtilities (462)
[2020.08.02-10.16.55:673][602]LogModuleManager: Shutting down and abandoning module MeshConversion (460)
[2020.08.02-10.16.55:674][602]LogModuleManager: Shutting down and abandoning module DynamicMesh (458)
[2020.08.02-10.16.55:674][602]LogModuleManager: Shutting down and abandoning module GeometryAlgorithms (456)
[2020.08.02-10.16.55:674][602]LogModuleManager: Shutting down and abandoning module GeometricObjects (454)
[2020.08.02-10.16.55:674][602]LogModuleManager: Shutting down and abandoning module GeometryCollectionTracks (452)
[2020.08.02-10.16.55:674][602]LogModuleManager: Shutting down and abandoning module GeometryCollectionSequencer (451)
[2020.08.02-10.16.55:674][602]LogModuleManager: Shutting down and abandoning module GeometryCollectionEditor (448)
[2020.08.02-10.16.55:674][602]LogModuleManager: Shutting down and abandoning module GeometryCacheTracks (446)
[2020.08.02-10.16.55:674][602]LogModuleManager: Shutting down and abandoning module GeometryCacheSequencer (444)
[2020.08.02-10.16.55:674][602]LogModuleManager: Shutting down and abandoning module ChaosSolverEditor (442)
[2020.08.02-10.16.55:674][602]LogModuleManager: Shutting down and abandoning module ChaosNiagara (440)
[2020.08.02-10.16.55:674][602]LogModuleManager: Shutting down and abandoning module FractureEditor (438)
[2020.08.02-10.16.55:674][602]LogModuleManager: Shutting down and abandoning module ChaosClothEditor (436)
[2020.08.02-10.16.55:674][602]LogModuleManager: Shutting down and abandoning module ChaosCloth (434)
[2020.08.02-10.16.55:674][602]LogModuleManager: Shutting down and abandoning module BackChannel (432)
[2020.08.02-10.16.55:674][602]LogModuleManager: Shutting down and abandoning module AutomationUtilsEditor (430)
[2020.08.02-10.16.55:674][602]LogModuleManager: Shutting down and abandoning module AutomationUtils (428)
[2020.08.02-10.16.55:674][602]LogModuleManager: Shutting down and abandoning module AlembicImporter (426)
[2020.08.02-10.16.55:674][602]LogModuleManager: Shutting down and abandoning module AlembicLibrary (425)
[2020.08.02-10.16.55:674][602]LogModuleManager: Shutting down and abandoning module GeometryCache (424)
[2020.08.02-10.16.55:674][602]LogModuleManager: Shutting down and abandoning module GeometryCacheEd (423)
[2020.08.02-10.16.55:674][602]LogModuleManager: Shutting down and abandoning module VariantManagerContentEditor (418)
[2020.08.02-10.16.55:674][602]LogModuleManager: Shutting down and abandoning module DatasmithContentEditor (416)
[2020.08.02-10.16.55:674][602]LogModuleManager: Shutting down and abandoning module SpeedTreeImporter (414)
[2020.08.02-10.16.55:674][602]LogModuleManager: Shutting down and abandoning module PluginBrowser (412)
[2020.08.02-10.16.55:675][602]LogModuleManager: Shutting down and abandoning module MobileLauncherProfileWizard (410)
[2020.08.02-10.16.55:675][602]LogModuleManager: Shutting down and abandoning module MaterialAnalyzer (408)
[2020.08.02-10.16.55:675][602]LogModuleManager: Shutting down and abandoning module EditorScriptingUtilities (406)
[2020.08.02-10.16.55:675][602]LogModuleManager: Shutting down and abandoning module CurveEditorTools (404)
[2020.08.02-10.16.55:675][602]LogModuleManager: Shutting down and abandoning module CryptoKeysOpenSSL (402)
[2020.08.02-10.16.55:675][602]LogModuleManager: Shutting down and abandoning module CryptoKeys (400)
[2020.08.02-10.16.55:675][602]LogModuleManager: Shutting down and abandoning module VisualStudioSourceCodeAccess (398)
[2020.08.02-10.16.55:675][602]LogModuleManager: Shutting down and abandoning module VisualStudioCodeSourceCodeAccess (396)
[2020.08.02-10.16.55:675][602]LogModuleManager: Shutting down and abandoning module UObjectPlugin (394)
[2020.08.02-10.16.55:675][602]LogModuleManager: Shutting down and abandoning module SubversionSourceControl (392)
[2020.08.02-10.16.55:675][602]LogModuleManager: Shutting down and abandoning module RiderSourceCodeAccess (390)
[2020.08.02-10.16.55:675][602]LogModuleManager: Shutting down and abandoning module PlasticSourceControl (388)
[2020.08.02-10.16.55:675][602]LogModuleManager: Shutting down and abandoning module PerforceSourceControl (386)
[2020.08.02-10.16.55:675][602]LogModuleManager: Shutting down and abandoning module GitSourceControl (384)
[2020.08.02-10.16.55:675][602]LogModuleManager: Shutting down and abandoning module SourceControl (383)
[2020.08.02-10.16.55:675][602]LogModuleManager: Shutting down and abandoning module CLionSourceCodeAccess (380)
[2020.08.02-10.16.55:675][602]LogModuleManager: Shutting down and abandoning module AnimationSharingEd (378)
[2020.08.02-10.16.55:675][602]LogModuleManager: Shutting down and abandoning module ActorLayerUtilitiesEditor (376)
[2020.08.02-10.16.55:675][602]LogModuleManager: Shutting down and abandoning module ActorLayerUtilities (374)
[2020.08.02-10.16.55:675][602]LogModuleManager: Shutting down and abandoning module LightPropagationVolumeEditor (372)
[2020.08.02-10.16.55:675][602]LogModuleManager: Shutting down and abandoning module PaperTiledImporter (370)
[2020.08.02-10.16.55:675][602]LogModuleManager: Shutting down and abandoning module PaperSpriteSheetImporter (368)
[2020.08.02-10.16.55:675][602]LogModuleManager: Shutting down and abandoning module Paper2DEditor (366)
[2020.08.02-10.16.55:675][602]LogModuleManager: Shutting down and abandoning module SoundFields (364)
[2020.08.02-10.16.55:675][602]LogModuleManager: Shutting down and abandoning module SignificanceManager (362)
[2020.08.02-10.16.55:675][602]LogModuleManager: Shutting down and abandoning module RuntimePhysXCooking (360)
[2020.08.02-10.16.55:675][602]LogModuleManager: Shutting down and abandoning module PhysXVehiclesEditor (358)
[2020.08.02-10.16.55:675][602]LogModuleManager: Shutting down and abandoning module LocationServicesBPLibrary (354)
[2020.08.02-10.16.55:675][602]LogModuleManager: Shutting down and abandoning module ActorSequence (352)
[2020.08.02-10.16.55:675][602]LogModuleManager: Shutting down and abandoning module UdpMessaging (350)
